#
# A fatal error has been detected by the Java Runtime Environment:
#
#  SIGBUS (0x7) at pc=0x00007fc270bfbc50, pid=30860, tid=0x00007fc24cd24700
#
# JRE version: Java(TM) SE Runtime Environment (8.0_191-b12) (build 1.8.0_191-b12)
# Java VM: Java HotSpot(TM) 64-Bit Server VM (25.191-b12 mixed mode linux-amd64 compressed oops)
# Problematic frame:
# C  [libzip.so+0x11c50]  newEntry.isra.4+0x60
#
# Failed to write core dump. Core dumps have been disabled. To enable core dumping, try "ulimit -c unlimited" before starting Java again
#
# If you would like to submit a bug report, please visit:
#   http://bugreport.java.com/bugreport/crash.jsp
# The crash happened outside the Java Virtual Machine in native code.
# See problematic frame for where to report the bug.
#

---------------  T H R E A D  ---------------

Current thread (0x00007fc26c77f800):  JavaThread "qtp26728049-21" [_thread_in_native, id=30889, stack(0x00007fc24cc24000,0x00007fc24cd25000)]

siginfo: si_signo: 7 (SIGBUS), si_code: 2 (BUS_ADRERR), si_addr: 0x00007fc24c96f0e2

Registers:
RAX=0x00007fc1fd53a970, RBX=0x00007fc26c808e50, RCX=0x00007fc1fc000020, RDX=0x00007fc1fd53a970
RSP=0x00007fc24cd1e730, RBP=0x00007fc24cd1e7a0, RSI=0x000000000000006c, RDI=0x0000000000000000
R8 =0x0000000000000003, R9 =0x00007fc1fc000078, R10=0x00007fc25d187598, R11=0x00007fc273c1d300
R12=0x00000000000030c4, R13=0x00000000473071b7, R14=0x00007fc1fd53a970, R15=0x00007fc24c96f0c4
RIP=0x00007fc270bfbc50, EFLAGS=0x0000000000010202, CSGSFS=0x0000000000000033, ERR=0x0000000000000004
  TRAPNO=0x000000000000000e

Top of Stack: (sp=0x00007fc24cd1e730)
0x00007fc24cd1e730:   00007fc25c126470 00000000dc24d6f0
0x00007fc24cd1e740:   00007fc24cd1ebc0 00007fc25d17044c
0x00007fc24cd1e750:   0000000000000000 00007fc24cd1e920
0x00007fc24cd1e760:   00007fc24cd1e7a0 0000000073376e71
0x00007fc24cd1e770:   000000000000003c 00007fc26c8095e0
0x00007fc24cd1e780:   000000000000003c 00000000473071b7
0x00007fc24cd1e790:   00007fc26c808e50 00007fc1fd53a320
0x00007fc24cd1e7a0:   00007fc24cd1e7f0 00007fc270bfc8fe
0x00007fc24cd1e7b0:   01007fc20000003c 00007fc24cd1e810
0x00007fc24cd1e7c0:   00007fc24cd1e830 000000000000003c
0x00007fc24cd1e7d0:   00007fc26c77f9f8 00007fc24cd1ec68
0x00007fc24cd1e7e0:   00007fc24cd1e810 00007fc26c808e50
0x00007fc24cd1e7f0:   00007fc24cd1ec50 00007fc270bed9f6
0x00007fc24cd1e800:   00007fc22c0ced60 00007fc200000001
0x00007fc24cd1e810:   676f6f672f6d6f63 732f6970612f656c
0x00007fc24cd1e820:   70732f7265767265 7461707369642f69
0x00007fc24cd1e830:   7369442f72656863 4872656863746170
0x00007fc24cd1e840:   632e72656c646e61 000000007373616c
0x00007fc24cd1e850:   00007fc25c126470 00007fc26c77f800
0x00007fc24cd1e860:   00007fc22c0cedd0 00000000dc24d6f0
0x00007fc24cd1e870:   00000000868dce40 0000000000000000
0x00007fc24cd1e880:   0000000000000000 00007fc22c0cf5e0
0x00007fc24cd1e890:   00007fc24cd1e900 00007fc2730b120a
0x00007fc24cd1e8a0:   00007fc24cd1e900 00007fc273010147
0x00007fc24cd1e8b0:   00007fc22c0cee08 00007fc24cd1e868
0x00007fc24cd1e8c0:   00007fc24cd1e8a9 0000000800000002
0x00007fc24cd1e8d0:   ffff803db32e1600 00007fc2000000b2
0x00007fc24cd1e8e0:   000000000000002c 00007fc26c77f800
0x00007fc24cd1e8f0:   00007fc24cd1e970 00007fc26c77f9f8
0x00007fc24cd1e900:   00007fc26c77f800 00007fc26c77f800
0x00007fc24cd1e910:   00007fc24cd1ea90 00007fc27317bc1b
0x00007fc24cd1e920:   000000000000000d 00007fc1fc064c58 

Instructions: (pc=0x00007fc270bfbc50)
0x00007fc270bfbc30:   00 00 00 48 c7 40 28 00 00 00 00 4d 8b 24 24 0f
0x00007fc270bfbc40:   84 1b 01 00 00 4c 2b 63 28 4c 8b 7b 18 4d 01 e7
0x00007fc270bfbc50:   41 0f b7 47 1e 45 0f b7 6f 1c 45 31 e4 66 89 45
0x00007fc270bfbc60:   ca 41 0f b7 47 20 44 89 ea 66 89 45 c8 41 8b 47 

Register to memory mapping:

RAX=0x00007fc1fd53a970 is an unknown value
RBX=0x00007fc26c808e50 is an unknown value
RCX=0x00007fc1fc000020 is an unknown value
RDX=0x00007fc1fd53a970 is an unknown value
RSP=0x00007fc24cd1e730 is pointing into the stack for thread: 0x00007fc26c77f800
RBP=0x00007fc24cd1e7a0 is pointing into the stack for thread: 0x00007fc26c77f800
RSI=0x000000000000006c is an unknown value
RDI=0x0000000000000000 is an unknown value
R8 =0x0000000000000003 is an unknown value
R9 =0x00007fc1fc000078 is an unknown value
R10=0x00007fc25d187598 is at entry_point+88 in (nmethod*)0x00007fc25d1873d0
R11=0x00007fc273c1d300: <offset 0x18b300> in /lib/x86_64-linux-gnu/libc.so.6 at 0x00007fc273a92000
R12=0x00000000000030c4 is an unknown value
R13=0x00000000473071b7 is an unknown value
R14=0x00007fc1fd53a970 is an unknown value
R15=0x00007fc24c96f0c4 is an unknown value


Stack: [0x00007fc24cc24000,0x00007fc24cd25000],  sp=0x00007fc24cd1e730,  free space=1001k
Native frames: (J=compiled Java code, j=interpreted, Vv=VM code, C=native code)
C  [libzip.so+0x11c50]  newEntry.isra.4+0x60
C  [libzip.so+0x128fe]  ZIP_GetEntry2+0xde
C  [libzip.so+0x39f6]  Java_java_util_zip_ZipFile_getEntry+0x76
J 226  java.util.zip.ZipFile.getEntry(J[BZ)J (0 bytes) @ 0x00007fc25d18760e [0x00007fc25d187540+0xce]
J 1623 C2 sun.misc.URLClassPath$JarLoader.getResource(Ljava/lang/String;Z)Lsun/misc/Resource; (85 bytes) @ 0x00007fc25d1d9d30 [0x00007fc25d1d9840+0x4f0]
J 1993 C2 sun.misc.URLClassPath.getResource(Ljava/lang/String;Z)Lsun/misc/Resource; (83 bytes) @ 0x00007fc25d5c3a6c [0x00007fc25d5c38a0+0x1cc]
J 294 C1 java.net.URLClassLoader$1.run()Ljava/lang/Class; (63 bytes) @ 0x00007fc25d1b14fc [0x00007fc25d1b12e0+0x21c]
J 293 C1 java.net.URLClassLoader$1.run()Ljava/lang/Object; (5 bytes) @ 0x00007fc25d1b0f54 [0x00007fc25d1b0ec0+0x94]
v  ~StubRoutines::call_stub
V  [libjvm.so+0x6852db]  JavaCalls::call_helper(JavaValue*, methodHandle*, JavaCallArguments*, Thread*)+0xddb
V  [libjvm.so+0x6fd1a4]  JVM_DoPrivileged+0x4f4
J 173  java.security.AccessController.doPrivileged(Ljava/security/PrivilegedExceptionAction;Ljava/security/AccessControlContext;)Ljava/lang/Object; (0 bytes) @ 0x00007fc25d168915 [0x00007fc25d168840+0xd5]
J 189 C1 java.net.URLClassLoader.findClass(Ljava/lang/String;)Ljava/lang/Class; (47 bytes) @ 0x00007fc25d16efec [0x00007fc25d16ee60+0x18c]
J 1107 C1 java.lang.ClassLoader.loadClass(Ljava/lang/String;Z)Ljava/lang/Class; (122 bytes) @ 0x00007fc25d449a1c [0x00007fc25d449040+0x9dc]
j  com.google.appengine.tools.development.IsolatedAppClassLoader.loadClass(Ljava/lang/String;Z)Ljava/lang/Class;+81
J 218 C1 java.lang.ClassLoader.loadClass(Ljava/lang/String;)Ljava/lang/Class; (7 bytes) @ 0x00007fc25d18831c [0x00007fc25d188200+0x11c]
v  ~StubRoutines::call_stub
V  [libjvm.so+0x6852db]  JavaCalls::call_helper(JavaValue*, methodHandle*, JavaCallArguments*, Thread*)+0xddb
V  [libjvm.so+0x682ba3]  JavaCalls::call_virtual(JavaValue*, KlassHandle, Symbol*, Symbol*, JavaCallArguments*, Thread*)+0x263
V  [libjvm.so+0x6831c3]  JavaCalls::call_virtual(JavaValue*, Handle, KlassHandle, Symbol*, Symbol*, Handle, Thread*)+0x53
V  [libjvm.so+0xa401e4]  SystemDictionary::load_instance_class(Symbol*, Handle, Thread*)+0x2e4
V  [libjvm.so+0xa3ebdb]  SystemDictionary::resolve_instance_class_or_null(Symbol*, Handle, Handle, Thread*)+0x87b
V  [libjvm.so+0xa40a89]  SystemDictionary::resolve_or_fail(Symbol*, Handle, Handle, bool, Thread*)+0x49
V  [libjvm.so+0xaaa1d1]  VerificationType::is_reference_assignable_from(VerificationType const&, ClassVerifier*, bool, Thread*) const+0xd1
V  [libjvm.so+0xabb9f0]  StackMapFrame::pop_stack(VerificationType, Thread*)+0x40
V  [libjvm.so+0xab3263]  ClassVerifier::verify_invoke_instructions(RawBytecodeStream*, unsigned int, StackMapFrame*, bool, bool*, VerificationType, constantPoolHandle, StackMapTable*, Thread*)+0x623
V  [libjvm.so+0xab57fa]  ClassVerifier::verify_method(methodHandle, Thread*)+0x1a6a
V  [libjvm.so+0xabb050]  ClassVerifier::verify_class(Thread*)+0xe0
V  [libjvm.so+0xabb66b]  Verifier::verify(instanceKlassHandle, Verifier::Mode, bool, Thread*)+0x3ab
V  [libjvm.so+0x63a884]  InstanceKlass::link_class_impl(instanceKlassHandle, bool, Thread*)+0x2b4
V  [libjvm.so+0x63adbf]  InstanceKlass::link_class(Thread*)+0x3f
V  [libjvm.so+0x7001bb]  get_class_declared_methods_helper(JNIEnv_*, _jclass*, unsigned char, bool, Klass*, Thread*)+0xbb
V  [libjvm.so+0x70099c]  JVM_GetClassDeclaredConstructors+0x6c
j  java.lang.Class.getDeclaredConstructors0(Z)[Ljava/lang/reflect/Constructor;+0
j  java.lang.Class.privateGetDeclaredConstructors(Z)[Ljava/lang/reflect/Constructor;+58
j  java.lang.Class.getConstructor0([Ljava/lang/Class;I)Ljava/lang/reflect/Constructor;+10
j  java.lang.Class.newInstance()Ljava/lang/Object;+46
j  org.eclipse.jetty.server.handler.ContextHandler$Context.createInstance(Ljava/lang/Class;)Ljava/lang/Object;+1
j  org.eclipse.jetty.servlet.ServletContextHandler$Context.createServlet(Ljava/lang/Class;)Ljavax/servlet/Servlet;+2
j  org.eclipse.jetty.servlet.ServletHolder.newInstance()Ljavax/servlet/Servlet;+23
j  org.eclipse.jetty.servlet.ServletHolder.initServlet()V+11
j  org.eclipse.jetty.servlet.ServletHolder.getServlet()Ljavax/servlet/Servlet;+61
j  org.eclipse.jetty.servlet.ServletHolder.ensureInstance()Ljavax/servlet/Servlet;+61
j  org.eclipse.jetty.servlet.ServletHolder.prepare(Lorg/eclipse/jetty/server/Request;Ljavax/servlet/ServletRequest;Ljavax/servlet/ServletResponse;)V+1
j  org.eclipse.jetty.servlet.ServletHandler.doHandle(Ljava/lang/String;Lorg/eclipse/jetty/server/Request;Ljavax/servlet/http/HttpServletRequest;Ljavax/servlet/http/HttpServletResponse;)V+189
j  org.eclipse.jetty.server.handler.ScopedHandler.handle(Ljava/lang/String;Lorg/eclipse/jetty/server/Request;Ljavax/servlet/http/HttpServletRequest;Ljavax/servlet/http/HttpServletResponse;)V+32
j  org.eclipse.jetty.security.SecurityHandler.handle(Ljava/lang/String;Lorg/eclipse/jetty/server/Request;Ljavax/servlet/http/HttpServletRequest;Ljavax/servlet/http/HttpServletResponse;)V+433
j  org.eclipse.jetty.server.session.SessionHandler.doHandle(Ljava/lang/String;Lorg/eclipse/jetty/server/Request;Ljavax/servlet/http/HttpServletRequest;Ljavax/servlet/http/HttpServletResponse;)V+68
j  org.eclipse.jetty.server.handler.ContextHandler.doHandle(Ljava/lang/String;Lorg/eclipse/jetty/server/Request;Ljavax/servlet/http/HttpServletRequest;Ljavax/servlet/http/HttpServletResponse;)V+349
j  org.eclipse.jetty.servlet.ServletHandler.doScope(Ljava/lang/String;Lorg/eclipse/jetty/server/Request;Ljavax/servlet/http/HttpServletRequest;Ljavax/servlet/http/HttpServletResponse;)V+274
j  org.eclipse.jetty.server.session.SessionHandler.doScope(Ljava/lang/String;Lorg/eclipse/jetty/server/Request;Ljavax/servlet/http/HttpServletRequest;Ljavax/servlet/http/HttpServletResponse;)V+257
j  org.eclipse.jetty.server.handler.ContextHandler.doScope(Ljava/lang/String;Lorg/eclipse/jetty/server/Request;Ljavax/servlet/http/HttpServletRequest;Ljavax/servlet/http/HttpServletResponse;)V+453
j  com.google.appengine.tools.development.jetty9.DevAppEngineWebAppContext.doScope(Ljava/lang/String;Lorg/eclipse/jetty/server/Request;Ljavax/servlet/http/HttpServletRequest;Ljavax/servlet/http/HttpServletResponse;)V+66
j  org.eclipse.jetty.server.handler.ScopedHandler.handle(Ljava/lang/String;Lorg/eclipse/jetty/server/Request;Ljavax/servlet/http/HttpServletRequest;Ljavax/servlet/http/HttpServletResponse;)V+20
j  org.eclipse.jetty.server.handler.HandlerWrapper.handle(Ljava/lang/String;Lorg/eclipse/jetty/server/Request;Ljavax/servlet/http/HttpServletRequest;Ljavax/servlet/http/HttpServletResponse;)V+18
j  com.google.appengine.tools.development.jetty9.JettyContainerService$ApiProxyHandler.handle(Ljava/lang/String;Lorg/eclipse/jetty/server/Request;Ljavax/servlet/http/HttpServletRequest;Ljavax/servlet/http/HttpServletResponse;)V+221
j  org.eclipse.jetty.server.handler.HandlerWrapper.handle(Ljava/lang/String;Lorg/eclipse/jetty/server/Request;Ljavax/servlet/http/HttpServletRequest;Ljavax/servlet/http/HttpServletResponse;)V+18
j  org.eclipse.jetty.server.Server.handle(Lorg/eclipse/jetty/server/HttpChannel;)V+141
j  org.eclipse.jetty.server.HttpChannel.handle()Z+313
j  org.eclipse.jetty.server.HttpConnection.onFillable()V+127
j  org.eclipse.jetty.io.AbstractConnection$ReadCallback.succeeded()V+4
j  org.eclipse.jetty.io.FillInterest.fillable()V+61
j  org.eclipse.jetty.io.SelectChannelEndPoint$2.run()V+7
j  org.eclipse.jetty.util.thread.strategy.ExecuteProduceConsume.executeProduceConsume()V+401
j  org.eclipse.jetty.util.thread.strategy.ExecuteProduceConsume.produceConsume()V+28
j  org.eclipse.jetty.util.thread.strategy.ExecuteProduceConsume.run()V+148
j  org.eclipse.jetty.util.thread.QueuedThreadPool.runJob(Ljava/lang/Runnable;)V+1
j  org.eclipse.jetty.util.thread.QueuedThreadPool$2.run()V+104
j  java.lang.Thread.run()V+11
v  ~StubRoutines::call_stub
V  [libjvm.so+0x6852db]  JavaCalls::call_helper(JavaValue*, methodHandle*, JavaCallArguments*, Thread*)+0xddb
V  [libjvm.so+0x682ba3]  JavaCalls::call_virtual(JavaValue*, KlassHandle, Symbol*, Symbol*, JavaCallArguments*, Thread*)+0x263
V  [libjvm.so+0x683167]  JavaCalls::call_virtual(JavaValue*, Handle, KlassHandle, Symbol*, Symbol*, Thread*)+0x47
V  [libjvm.so+0x6ef0ec]  thread_entry(JavaThread*, Thread*)+0x6c
V  [libjvm.so+0xa76f9b]  JavaThread::thread_main_inner()+0xdb
V  [libjvm.so+0xa7722f]  JavaThread::run()+0x25f
V  [libjvm.so+0x909c92]  java_start(Thread*)+0x102
C  [libpthread.so.0+0x8184]  start_thread+0xc4

Java frames: (J=compiled Java code, j=interpreted, Vv=VM code)
J 226  java.util.zip.ZipFile.getEntry(J[BZ)J (0 bytes) @ 0x00007fc25d187598 [0x00007fc25d187540+0x58]
J 1623 C2 sun.misc.URLClassPath$JarLoader.getResource(Ljava/lang/String;Z)Lsun/misc/Resource; (85 bytes) @ 0x00007fc25d1d9d30 [0x00007fc25d1d9840+0x4f0]
J 1993 C2 sun.misc.URLClassPath.getResource(Ljava/lang/String;Z)Lsun/misc/Resource; (83 bytes) @ 0x00007fc25d5c3a6c [0x00007fc25d5c38a0+0x1cc]
J 294 C1 java.net.URLClassLoader$1.run()Ljava/lang/Class; (63 bytes) @ 0x00007fc25d1b14fc [0x00007fc25d1b12e0+0x21c]
J 293 C1 java.net.URLClassLoader$1.run()Ljava/lang/Object; (5 bytes) @ 0x00007fc25d1b0f54 [0x00007fc25d1b0ec0+0x94]
v  ~StubRoutines::call_stub
J 173  java.security.AccessController.doPrivileged(Ljava/security/PrivilegedExceptionAction;Ljava/security/AccessControlContext;)Ljava/lang/Object; (0 bytes) @ 0x00007fc25d1688a3 [0x00007fc25d168840+0x63]
J 189 C1 java.net.URLClassLoader.findClass(Ljava/lang/String;)Ljava/lang/Class; (47 bytes) @ 0x00007fc25d16efec [0x00007fc25d16ee60+0x18c]
J 1107 C1 java.lang.ClassLoader.loadClass(Ljava/lang/String;Z)Ljava/lang/Class; (122 bytes) @ 0x00007fc25d449a1c [0x00007fc25d449040+0x9dc]
j  com.google.appengine.tools.development.IsolatedAppClassLoader.loadClass(Ljava/lang/String;Z)Ljava/lang/Class;+81
J 218 C1 java.lang.ClassLoader.loadClass(Ljava/lang/String;)Ljava/lang/Class; (7 bytes) @ 0x00007fc25d18831c [0x00007fc25d188200+0x11c]
v  ~StubRoutines::call_stub
j  java.lang.Class.getDeclaredConstructors0(Z)[Ljava/lang/reflect/Constructor;+0
j  java.lang.Class.privateGetDeclaredConstructors(Z)[Ljava/lang/reflect/Constructor;+58
j  java.lang.Class.getConstructor0([Ljava/lang/Class;I)Ljava/lang/reflect/Constructor;+10
j  java.lang.Class.newInstance()Ljava/lang/Object;+46
j  org.eclipse.jetty.server.handler.ContextHandler$Context.createInstance(Ljava/lang/Class;)Ljava/lang/Object;+1
j  org.eclipse.jetty.servlet.ServletContextHandler$Context.createServlet(Ljava/lang/Class;)Ljavax/servlet/Servlet;+2
j  org.eclipse.jetty.servlet.ServletHolder.newInstance()Ljavax/servlet/Servlet;+23
j  org.eclipse.jetty.servlet.ServletHolder.initServlet()V+11
j  org.eclipse.jetty.servlet.ServletHolder.getServlet()Ljavax/servlet/Servlet;+61
j  org.eclipse.jetty.servlet.ServletHolder.ensureInstance()Ljavax/servlet/Servlet;+61
j  org.eclipse.jetty.servlet.ServletHolder.prepare(Lorg/eclipse/jetty/server/Request;Ljavax/servlet/ServletRequest;Ljavax/servlet/ServletResponse;)V+1
j  org.eclipse.jetty.servlet.ServletHandler.doHandle(Ljava/lang/String;Lorg/eclipse/jetty/server/Request;Ljavax/servlet/http/HttpServletRequest;Ljavax/servlet/http/HttpServletResponse;)V+189
j  org.eclipse.jetty.server.handler.ScopedHandler.handle(Ljava/lang/String;Lorg/eclipse/jetty/server/Request;Ljavax/servlet/http/HttpServletRequest;Ljavax/servlet/http/HttpServletResponse;)V+32
j  org.eclipse.jetty.security.SecurityHandler.handle(Ljava/lang/String;Lorg/eclipse/jetty/server/Request;Ljavax/servlet/http/HttpServletRequest;Ljavax/servlet/http/HttpServletResponse;)V+433
j  org.eclipse.jetty.server.session.SessionHandler.doHandle(Ljava/lang/String;Lorg/eclipse/jetty/server/Request;Ljavax/servlet/http/HttpServletRequest;Ljavax/servlet/http/HttpServletResponse;)V+68
j  org.eclipse.jetty.server.handler.ContextHandler.doHandle(Ljava/lang/String;Lorg/eclipse/jetty/server/Request;Ljavax/servlet/http/HttpServletRequest;Ljavax/servlet/http/HttpServletResponse;)V+349
j  org.eclipse.jetty.servlet.ServletHandler.doScope(Ljava/lang/String;Lorg/eclipse/jetty/server/Request;Ljavax/servlet/http/HttpServletRequest;Ljavax/servlet/http/HttpServletResponse;)V+274
j  org.eclipse.jetty.server.session.SessionHandler.doScope(Ljava/lang/String;Lorg/eclipse/jetty/server/Request;Ljavax/servlet/http/HttpServletRequest;Ljavax/servlet/http/HttpServletResponse;)V+257
j  org.eclipse.jetty.server.handler.ContextHandler.doScope(Ljava/lang/String;Lorg/eclipse/jetty/server/Request;Ljavax/servlet/http/HttpServletRequest;Ljavax/servlet/http/HttpServletResponse;)V+453
j  com.google.appengine.tools.development.jetty9.DevAppEngineWebAppContext.doScope(Ljava/lang/String;Lorg/eclipse/jetty/server/Request;Ljavax/servlet/http/HttpServletRequest;Ljavax/servlet/http/HttpServletResponse;)V+66
j  org.eclipse.jetty.server.handler.ScopedHandler.handle(Ljava/lang/String;Lorg/eclipse/jetty/server/Request;Ljavax/servlet/http/HttpServletRequest;Ljavax/servlet/http/HttpServletResponse;)V+20
j  org.eclipse.jetty.server.handler.HandlerWrapper.handle(Ljava/lang/String;Lorg/eclipse/jetty/server/Request;Ljavax/servlet/http/HttpServletRequest;Ljavax/servlet/http/HttpServletResponse;)V+18
j  com.google.appengine.tools.development.jetty9.JettyContainerService$ApiProxyHandler.handle(Ljava/lang/String;Lorg/eclipse/jetty/server/Request;Ljavax/servlet/http/HttpServletRequest;Ljavax/servlet/http/HttpServletResponse;)V+221
j  org.eclipse.jetty.server.handler.HandlerWrapper.handle(Ljava/lang/String;Lorg/eclipse/jetty/server/Request;Ljavax/servlet/http/HttpServletRequest;Ljavax/servlet/http/HttpServletResponse;)V+18
j  org.eclipse.jetty.server.Server.handle(Lorg/eclipse/jetty/server/HttpChannel;)V+141
j  org.eclipse.jetty.server.HttpChannel.handle()Z+313
j  org.eclipse.jetty.server.HttpConnection.onFillable()V+127
j  org.eclipse.jetty.io.AbstractConnection$ReadCallback.succeeded()V+4
j  org.eclipse.jetty.io.FillInterest.fillable()V+61
j  org.eclipse.jetty.io.SelectChannelEndPoint$2.run()V+7
j  org.eclipse.jetty.util.thread.strategy.ExecuteProduceConsume.executeProduceConsume()V+401
j  org.eclipse.jetty.util.thread.strategy.ExecuteProduceConsume.produceConsume()V+28
j  org.eclipse.jetty.util.thread.strategy.ExecuteProduceConsume.run()V+148
j  org.eclipse.jetty.util.thread.QueuedThreadPool.runJob(Ljava/lang/Runnable;)V+1
j  org.eclipse.jetty.util.thread.QueuedThreadPool$2.run()V+104
j  java.lang.Thread.run()V+11
v  ~StubRoutines::call_stub

---------------  P R O C E S S  ---------------

Java Threads: ( => current thread )
  0x00007fc200004000 JavaThread "Scheduler-1019384604" [_thread_blocked, id=30978, stack(0x00007fc24c32b000,0x00007fc24c42c000)]
  0x00007fc26cbce800 JavaThread "Scanner-0" daemon [_thread_blocked, id=30894, stack(0x00007fc24c42c000,0x00007fc24c52d000)]
  0x00007fc26c781800 JavaThread "qtp26728049-22" [_thread_in_native, id=30890, stack(0x00007fc24cb23000,0x00007fc24cc24000)]
=>0x00007fc26c77f800 JavaThread "qtp26728049-21" [_thread_in_native, id=30889, stack(0x00007fc24cc24000,0x00007fc24cd25000)]
  0x00007fc26c77d800 JavaThread "qtp26728049-20" [_thread_blocked, id=30888, stack(0x00007fc24cd25000,0x00007fc24ce26000)]
  0x00007fc26c77b800 JavaThread "qtp26728049-19" [_thread_in_native, id=30887, stack(0x00007fc24ce26000,0x00007fc24cf27000)]
  0x00007fc26c77a000 JavaThread "qtp26728049-18" [_thread_blocked, id=30886, stack(0x00007fc24cf27000,0x00007fc24d028000)]
  0x00007fc26c778800 JavaThread "qtp26728049-17" [_thread_in_native, id=30885, stack(0x00007fc24d028000,0x00007fc24d129000)]
  0x00007fc26c776800 JavaThread "qtp26728049-16" [_thread_blocked, id=30884, stack(0x00007fc24d129000,0x00007fc24d22a000)]
  0x00007fc26c775800 JavaThread "qtp26728049-15" [_thread_in_native, id=30883, stack(0x00007fc24d22a000,0x00007fc24d32b000)]
  0x00007fc26c1db800 JavaThread "Timer-0" daemon [_thread_blocked, id=30880, stack(0x00007fc24e1ca000,0x00007fc24e2cb000)]
  0x00007fc26c0d3800 JavaThread "Service Thread" daemon [_thread_blocked, id=30878, stack(0x00007fc24e4e2000,0x00007fc24e5e3000)]
  0x00007fc26c0d0000 JavaThread "C1 CompilerThread2" daemon [_thread_blocked, id=30877, stack(0x00007fc24e5e3000,0x00007fc24e6e4000)]
  0x00007fc26c0ce000 JavaThread "C2 CompilerThread1" daemon [_thread_blocked, id=30876, stack(0x00007fc24e6e4000,0x00007fc24e7e5000)]
  0x00007fc26c0cb800 JavaThread "C2 CompilerThread0" daemon [_thread_blocked, id=30875, stack(0x00007fc24e7e5000,0x00007fc24e8e6000)]
  0x00007fc26c0c9000 JavaThread "JDWP Event Helper Thread" daemon [_thread_blocked, id=30874, stack(0x00007fc24e8e6000,0x00007fc24e9e7000)]
  0x00007fc26c0c5800 JavaThread "JDWP Transport Listener: dt_socket" daemon [_thread_in_native, id=30873, stack(0x00007fc24e9e7000,0x00007fc24eae8000)]
  0x00007fc26c0b9800 JavaThread "Signal Dispatcher" daemon [_thread_blocked, id=30872, stack(0x00007fc24eced000,0x00007fc24edee000)]
  0x00007fc26c087800 JavaThread "Finalizer" daemon [_thread_blocked, id=30871, stack(0x00007fc24edee000,0x00007fc24eeef000)]
  0x00007fc26c085000 JavaThread "Reference Handler" daemon [_thread_blocked, id=30870, stack(0x00007fc24eeef000,0x00007fc24eff0000)]
  0x00007fc26c00d000 JavaThread "main" [_thread_blocked, id=30861, stack(0x00007fc274596000,0x00007fc274697000)]

Other Threads:
  0x00007fc26c07b000 VMThread [stack: 0x00007fc24eff0000,0x00007fc24f0f1000] [id=30869]
  0x00007fc26c0d9000 WatcherThread [stack: 0x00007fc24e3e1000,0x00007fc24e4e2000] [id=30879]

VM state:not at safepoint (normal execution)

VM Mutex/Monitor currently owned by a thread: None

Heap:
 PSYoungGen      total 228352K, used 123558K [0x00000000d6e00000, 0x00000000eaf00000, 0x0000000100000000)
  eden space 190976K, 45% used [0x00000000d6e00000,0x00000000dc256050,0x00000000e2880000)
  from space 37376K, 99% used [0x00000000e8a80000,0x00000000eaed3810,0x00000000eaf00000)
  to   space 50688K, 0% used [0x00000000e4c00000,0x00000000e4c00000,0x00000000e7d80000)
 ParOldGen       total 152064K, used 80855K [0x0000000084a00000, 0x000000008de80000, 0x00000000d6e00000)
  object space 152064K, 53% used [0x0000000084a00000,0x00000000898f5db0,0x000000008de80000)
 Metaspace       used 19750K, capacity 20098K, committed 20352K, reserved 1067008K
  class space    used 2265K, capacity 2379K, committed 2432K, reserved 1048576K

Card table byte_map: [0x00007fc27044e000,0x00007fc27082a000] byte_map_base: 0x00007fc270029000

Marking Bits: (ParMarkBitMap*) 0x00007fc273a74d40
 Begin Bits: [0x00007fc254250000, 0x00007fc256128000)
 End Bits:   [0x00007fc256128000, 0x00007fc258000000)

Polling page: 0x00007fc2746b6000

CodeCache: size=245760Kb used=6521Kb max_used=7060Kb free=239238Kb
 bounds [0x00007fc25d000000, 0x00007fc25d700000, 0x00007fc26c000000]
 total_blobs=2101 nmethods=1690 adapters=332
 compilation: enabled

Compilation events (10 events):
Event: 41.508 Thread 0x00007fc26c0d0000 nmethod 2004 0x00007fc25d21b350 code [0x00007fc25d21b4a0, 0x00007fc25d21b5b0]
Event: 41.510 Thread 0x00007fc26c0ce000 nmethod 1993 0x00007fc25d5c3510 code [0x00007fc25d5c38a0, 0x00007fc25d5c6b18]
Event: 41.510 Thread 0x00007fc26c0d0000 2007       1       java.util.Calendar::internalSet (8 bytes)
Event: 41.510 Thread 0x00007fc26c0d0000 nmethod 2007 0x00007fc25d6d6b10 code [0x00007fc25d6d6c60, 0x00007fc25d6d6d90]
Event: 41.510 Thread 0x00007fc26c0d0000 2005       1       org.eclipse.jetty.util.AbstractTrie::isCaseInsensitive (5 bytes)
Event: 41.510 Thread 0x00007fc26c0d0000 nmethod 2005 0x00007fc25d1cb110 code [0x00007fc25d1cb260, 0x00007fc25d1cb370]
Event: 41.510 Thread 0x00007fc26c0d0000 2006       3       java.nio.HeapByteBuffer::get (14 bytes)
Event: 41.511 Thread 0x00007fc26c0d0000 nmethod 2006 0x00007fc25d4d5050 code [0x00007fc25d4d51e0, 0x00007fc25d4d5648]
Event: 41.513 Thread 0x00007fc26c0cb800 2008       4       java.util.concurrent.ConcurrentHashMap::addCount (292 bytes)
Event: 41.524 Thread 0x00007fc26c0cb800 nmethod 2008 0x00007fc25d4b4050 code [0x00007fc25d4b4200, 0x00007fc25d4b4800]

GC Heap History (10 events):
Event: 2.740 GC heap before
{Heap before GC invocations=5 (full 0):
 PSYoungGen      total 68608K, used 68587K [0x00000000d6e00000, 0x00000000db600000, 0x0000000100000000)
  eden space 63488K, 100% used [0x00000000d6e00000,0x00000000dac00000,0x00000000dac00000)
  from space 5120K, 99% used [0x00000000db100000,0x00000000db5fae00,0x00000000db600000)
  to   space 5120K, 0% used [0x00000000dac00000,0x00000000dac00000,0x00000000db100000)
 ParOldGen       total 84992K, used 21701K [0x0000000084a00000, 0x0000000089d00000, 0x00000000d6e00000)
  object space 84992K, 25% used [0x0000000084a00000,0x0000000085f31668,0x0000000089d00000)
 Metaspace       used 15637K, capacity 15836K, committed 16256K, reserved 1062912K
  class space    used 1760K, capacity 1834K, committed 1920K, reserved 1048576K
Event: 2.766 GC heap after
Heap after GC invocations=5 (full 0):
 PSYoungGen      total 68608K, used 5088K [0x00000000d6e00000, 0x00000000e1c00000, 0x0000000100000000)
  eden space 63488K, 0% used [0x00000000d6e00000,0x00000000d6e00000,0x00000000dac00000)
  from space 5120K, 99% used [0x00000000dac00000,0x00000000db0f80d0,0x00000000db100000)
  to   space 25600K, 0% used [0x00000000e0300000,0x00000000e0300000,0x00000000e1c00000)
 ParOldGen       total 84992K, used 41145K [0x0000000084a00000, 0x0000000089d00000, 0x00000000d6e00000)
  object space 84992K, 48% used [0x0000000084a00000,0x000000008722e7b8,0x0000000089d00000)
 Metaspace       used 15637K, capacity 15836K, committed 16256K, reserved 1062912K
  class space    used 1760K, capacity 1834K, committed 1920K, reserved 1048576K
}
Event: 3.332 GC heap before
{Heap before GC invocations=6 (full 0):
 PSYoungGen      total 68608K, used 68576K [0x00000000d6e00000, 0x00000000e1c00000, 0x0000000100000000)
  eden space 63488K, 100% used [0x00000000d6e00000,0x00000000dac00000,0x00000000dac00000)
  from space 5120K, 99% used [0x00000000dac00000,0x00000000db0f80d0,0x00000000db100000)
  to   space 25600K, 0% used [0x00000000e0300000,0x00000000e0300000,0x00000000e1c00000)
 ParOldGen       total 84992K, used 41151K [0x0000000084a00000, 0x0000000089d00000, 0x00000000d6e00000)
  object space 84992K, 48% used [0x0000000084a00000,0x000000008722fcb0,0x0000000089d00000)
 Metaspace       used 15648K, capacity 15900K, committed 16256K, reserved 1062912K
  class space    used 1760K, capacity 1834K, committed 1920K, reserved 1048576K
Event: 3.375 GC heap after
Heap after GC invocations=6 (full 0):
 PSYoungGen      total 147968K, used 24573K [0x00000000d6e00000, 0x00000000e2500000, 0x0000000100000000)
  eden space 122368K, 0% used [0x00000000d6e00000,0x00000000d6e00000,0x00000000de580000)
  from space 25600K, 95% used [0x00000000e0300000,0x00000000e1aff538,0x00000000e1c00000)
  to   space 30208K, 0% used [0x00000000de580000,0x00000000de580000,0x00000000e0300000)
 ParOldGen       total 84992K, used 41159K [0x0000000084a00000, 0x0000000089d00000, 0x00000000d6e00000)
  object space 84992K, 48% used [0x0000000084a00000,0x0000000087231cb0,0x0000000089d00000)
 Metaspace       used 15648K, capacity 15900K, committed 16256K, reserved 1062912K
  class space    used 1760K, capacity 1834K, committed 1920K, reserved 1048576K
}
Event: 4.341 GC heap before
{Heap before GC invocations=7 (full 0):
 PSYoungGen      total 147968K, used 146941K [0x00000000d6e00000, 0x00000000e2500000, 0x0000000100000000)
  eden space 122368K, 100% used [0x00000000d6e00000,0x00000000de580000,0x00000000de580000)
  from space 25600K, 95% used [0x00000000e0300000,0x00000000e1aff538,0x00000000e1c00000)
  to   space 30208K, 0% used [0x00000000de580000,0x00000000de580000,0x00000000e0300000)
 ParOldGen       total 84992K, used 41159K [0x0000000084a00000, 0x0000000089d00000, 0x00000000d6e00000)
  object space 84992K, 48% used [0x0000000084a00000,0x0000000087231cb0,0x0000000089d00000)
 Metaspace       used 15648K, capacity 15900K, committed 16256K, reserved 1062912K
  class space    used 1760K, capacity 1834K, committed 1920K, reserved 1048576K
Event: 4.397 GC heap after
Heap after GC invocations=7 (full 0):
 PSYoungGen      total 152576K, used 30199K [0x00000000d6e00000, 0x00000000eb800000, 0x0000000100000000)
  eden space 122368K, 0% used [0x00000000d6e00000,0x00000000d6e00000,0x00000000de580000)
  from space 30208K, 99% used [0x00000000de580000,0x00000000e02fddc8,0x00000000e0300000)
  to   space 46592K, 0% used [0x00000000e8a80000,0x00000000e8a80000,0x00000000eb800000)
 ParOldGen       total 84992K, used 62922K [0x0000000084a00000, 0x0000000089d00000, 0x00000000d6e00000)
  object space 84992K, 74% used [0x0000000084a00000,0x0000000088772ba8,0x0000000089d00000)
 Metaspace       used 15648K, capacity 15900K, committed 16256K, reserved 1062912K
  class space    used 1760K, capacity 1834K, committed 1920K, reserved 1048576K
}
Event: 4.397 GC heap before
{Heap before GC invocations=8 (full 1):
 PSYoungGen      total 152576K, used 30199K [0x00000000d6e00000, 0x00000000eb800000, 0x0000000100000000)
  eden space 122368K, 0% used [0x00000000d6e00000,0x00000000d6e00000,0x00000000de580000)
  from space 30208K, 99% used [0x00000000de580000,0x00000000e02fddc8,0x00000000e0300000)
  to   space 46592K, 0% used [0x00000000e8a80000,0x00000000e8a80000,0x00000000eb800000)
 ParOldGen       total 84992K, used 62922K [0x0000000084a00000, 0x0000000089d00000, 0x00000000d6e00000)
  object space 84992K, 74% used [0x0000000084a00000,0x0000000088772ba8,0x0000000089d00000)
 Metaspace       used 15648K, capacity 15900K, committed 16256K, reserved 1062912K
  class space    used 1760K, capacity 1834K, committed 1920K, reserved 1048576K
Event: 4.556 GC heap after
Heap after GC invocations=8 (full 1):
 PSYoungGen      total 152576K, used 0K [0x00000000d6e00000, 0x00000000eb800000, 0x0000000100000000)
  eden space 122368K, 0% used [0x00000000d6e00000,0x00000000d6e00000,0x00000000de580000)
  from space 30208K, 0% used [0x00000000de580000,0x00000000de580000,0x00000000e0300000)
  to   space 46592K, 0% used [0x00000000e8a80000,0x00000000e8a80000,0x00000000eb800000)
 ParOldGen       total 152064K, used 80855K [0x0000000084a00000, 0x000000008de80000, 0x00000000d6e00000)
  object space 152064K, 53% used [0x0000000084a00000,0x00000000898f5db0,0x000000008de80000)
 Metaspace       used 15648K, capacity 15900K, committed 16256K, reserved 1062912K
  class space    used 1760K, capacity 1834K, committed 1920K, reserved 1048576K
}
Event: 5.192 GC heap before
{Heap before GC invocations=9 (full 1):
 PSYoungGen      total 152576K, used 122368K [0x00000000d6e00000, 0x00000000eb800000, 0x0000000100000000)
  eden space 122368K, 100% used [0x00000000d6e00000,0x00000000de580000,0x00000000de580000)
  from space 30208K, 0% used [0x00000000de580000,0x00000000de580000,0x00000000e0300000)
  to   space 46592K, 0% used [0x00000000e8a80000,0x00000000e8a80000,0x00000000eb800000)
 ParOldGen       total 152064K, used 80855K [0x0000000084a00000, 0x000000008de80000, 0x00000000d6e00000)
  object space 152064K, 53% used [0x0000000084a00000,0x00000000898f5db0,0x000000008de80000)
 Metaspace       used 15648K, capacity 15900K, committed 16256K, reserved 1062912K
  class space    used 1760K, capacity 1834K, committed 1920K, reserved 1048576K
Event: 5.220 GC heap after
Heap after GC invocations=9 (full 1):
 PSYoungGen      total 228352K, used 37198K [0x00000000d6e00000, 0x00000000eaf00000, 0x0000000100000000)
  eden space 190976K, 0% used [0x00000000d6e00000,0x00000000d6e00000,0x00000000e2880000)
  from space 37376K, 99% used [0x00000000e8a80000,0x00000000eaed3810,0x00000000eaf00000)
  to   space 50688K, 0% used [0x00000000e4c00000,0x00000000e4c00000,0x00000000e7d80000)
 ParOldGen       total 152064K, used 80855K [0x0000000084a00000, 0x000000008de80000, 0x00000000d6e00000)
  object space 152064K, 53% used [0x0000000084a00000,0x00000000898f5db0,0x000000008de80000)
 Metaspace       used 15648K, capacity 15900K, committed 16256K, reserved 1062912K
  class space    used 1760K, capacity 1834K, committed 1920K, reserved 1048576K
}

Deoptimization events (10 events):
Event: 5.789 Thread 0x00007fc26c00d000 Uncommon trap: reason=unstable_if action=reinterpret pc=0x00007fc25d59ccd8 method=java.util.HashMap$HashIterator.<init>(Ljava/util/HashMap;)V @ 38
Event: 5.793 Thread 0x00007fc26c00d000 Uncommon trap: reason=unstable_if action=reinterpret pc=0x00007fc25d633d80 method=org.eclipse.jetty.util.resource.Resource.newResource(Ljava/net/URL;Z)Lorg/eclipse/jetty/util/resource/Resource; @ 17
Event: 5.855 Thread 0x00007fc26c00d000 Uncommon trap: reason=class_check action=maybe_recompile pc=0x00007fc25d2b98c4 method=sun.misc.URLClassPath.getLoader(I)Lsun/misc/URLClassPath$Loader; @ 239
Event: 5.856 Thread 0x00007fc26c00d000 Uncommon trap: reason=class_check action=maybe_recompile pc=0x00007fc25d2b2204 method=sun.misc.URLClassPath.getLoader(I)Lsun/misc/URLClassPath$Loader; @ 239
Event: 5.910 Thread 0x00007fc26c00d000 Uncommon trap: reason=unstable_if action=reinterpret pc=0x00007fc25d5ed8bc method=java.util.concurrent.ConcurrentHashMap.putVal(Ljava/lang/Object;Ljava/lang/Object;Z)Ljava/lang/Object; @ 181
Event: 5.977 Thread 0x00007fc26c781800 Uncommon trap: reason=unstable_if action=reinterpret pc=0x00007fc25d5d4394 method=java.util.HashMap$HashIterator.<init>(Ljava/util/HashMap;)V @ 38
Event: 30.316 Thread 0x00007fc26c1db800 Uncommon trap: reason=unstable_if action=reinterpret pc=0x00007fc25d644e10 method=java.io.UnixFileSystem.parentOrNull(Ljava/lang/String;)Ljava/lang/String; @ 63
Event: 32.246 Thread 0x00007fc26cbce800 Uncommon trap: reason=unstable_if action=reinterpret pc=0x00007fc25d622758 method=java.io.ExpiringCache.entryFor(Ljava/lang/String;)Ljava/io/ExpiringCache$Entry; @ 39
Event: 32.248 Thread 0x00007fc26cbce800 Uncommon trap: reason=unstable_if action=reinterpret pc=0x00007fc25d5f32d8 method=java.io.ExpiringCache.entryFor(Ljava/lang/String;)Ljava/io/ExpiringCache$Entry; @ 39
Event: 41.323 Thread 0x00007fc26c781800 Uncommon trap: reason=unstable_if action=reinterpret pc=0x00007fc25d6db49c method=java.lang.StringCoding.decode(Ljava/lang/String;[BII)[C @ 51

Classes redefined (0 events):
No events

Internal exceptions (10 events):
Event: 0.244 Thread 0x00007fc26c00d000 Exception <a 'java/security/PrivilegedActionException'> (0x00000000d70e8bd0) thrown at [/HUDSON/workspace/8-2-build-linux-amd64/jdk8u191/11894/hotspot/src/share/vm/prims/jvm.cpp, line 1435]
Event: 0.245 Thread 0x00007fc26c00d000 Exception <a 'java/security/PrivilegedActionException'> (0x00000000d70eb220) thrown at [/HUDSON/workspace/8-2-build-linux-amd64/jdk8u191/11894/hotspot/src/share/vm/prims/jvm.cpp, line 1435]
Event: 0.245 Thread 0x00007fc26c00d000 Exception <a 'java/security/PrivilegedActionException'> (0x00000000d70eb618) thrown at [/HUDSON/workspace/8-2-build-linux-amd64/jdk8u191/11894/hotspot/src/share/vm/prims/jvm.cpp, line 1435]
Event: 1.059 Thread 0x00007fc26c00d000 Exception <a 'java/lang/NoSuchFieldError': method resolution failed> (0x00000000d8487a18) thrown at [/HUDSON/workspace/8-2-build-linux-amd64/jdk8u191/11894/hotspot/src/share/vm/prims/methodHandles.cpp, line 1167]
Event: 1.061 Thread 0x00007fc26c00d000 Exception <a 'java/lang/NoSuchFieldError': method resolution failed> (0x00000000d8495108) thrown at [/HUDSON/workspace/8-2-build-linux-amd64/jdk8u191/11894/hotspot/src/share/vm/prims/methodHandles.cpp, line 1167]
Event: 1.370 Thread 0x00007fc26c00d000 Exception <a 'java/io/FileNotFoundException'> (0x00000000d6e25438) thrown at [/HUDSON/workspace/8-2-build-linux-amd64/jdk8u191/11894/hotspot/src/share/vm/prims/jni.cpp, line 709]
Event: 1.701 Thread 0x00007fc26c775800 Implicit null exception at 0x00007fc25d453851 to 0x00007fc25d453969
Event: 5.661 Thread 0x00007fc26c00d000 Implicit null exception at 0x00007fc25d5d375f to 0x00007fc25d5d39d9
Event: 5.789 Thread 0x00007fc26c00d000 Implicit null exception at 0x00007fc25d59caa8 to 0x00007fc25d59ccc1
Event: 5.977 Thread 0x00007fc26c781800 Implicit null exception at 0x00007fc25d5d3f82 to 0x00007fc25d5d4365

Events (10 events):
Event: 41.538 Thread 0x00007fc26c77f800 DEOPT PACKING pc=0x00007fc25d16f1a1 sp=0x00007fc24cd1f840
Event: 41.538 Thread 0x00007fc26c77f800 DEOPT UNPACKING pc=0x00007fc25d047784 sp=0x00007fc24cd1f5b0 mode 1
Event: 41.538 Thread 0x00007fc26c77f800 DEOPT PACKING pc=0x00007fc25d449a1c sp=0x00007fc24cd1f8c0
Event: 41.538 Thread 0x00007fc26c77f800 DEOPT UNPACKING pc=0x00007fc25d047784 sp=0x00007fc24cd1f700 mode 1
Event: 41.538 Thread 0x00007fc26c77f800 DEOPT PACKING pc=0x00007fc25d20ceac sp=0x00007fc24cd1fa50
Event: 41.538 Thread 0x00007fc26c77f800 DEOPT UNPACKING pc=0x00007fc25d047784 sp=0x00007fc24cd1f7c0 mode 1
Event: 41.538 Thread 0x00007fc26c77f800 DEOPT PACKING pc=0x00007fc25d18831c sp=0x00007fc24cd1fae0
Event: 41.538 Thread 0x00007fc26c77f800 DEOPT UNPACKING pc=0x00007fc25d047784 sp=0x00007fc24cd1f840 mode 1
Event: 41.538 loading class com/google/api/server/spi/dispatcher/DispatcherHandler
Event: 41.538 loading class com/google/api/server/spi/dispatcher/DispatcherHandler done


Dynamic libraries:
00400000-00401000 r-xp 00000000 08:01 9831032                            /usr/lib/jvm/java-8-oracle/jre/bin/java
00600000-00601000 r--p 00000000 08:01 9831032                            /usr/lib/jvm/java-8-oracle/jre/bin/java
00601000-00602000 rw-p 00001000 08:01 9831032                            /usr/lib/jvm/java-8-oracle/jre/bin/java
00d31000-00d52000 rw-p 00000000 00:00 0                                  [heap]
84a00000-8de80000 rw-p 00000000 00:00 0 
8de80000-d6e00000 ---p 00000000 00:00 0 
d6e00000-eaf00000 rw-p 00000000 00:00 0 
eaf00000-100000000 ---p 00000000 00:00 0 
100000000-100260000 rw-p 00000000 00:00 0 
100260000-140000000 ---p 00000000 00:00 0 
7fc1d0000000-7fc1d0021000 rw-p 00000000 00:00 0 
7fc1d0021000-7fc1d4000000 ---p 00000000 00:00 0 
7fc1d8000000-7fc1d8ab0000 rw-p 00000000 00:00 0 
7fc1d8ab0000-7fc1dc000000 ---p 00000000 00:00 0 
7fc1dc000000-7fc1dc021000 rw-p 00000000 00:00 0 
7fc1dc021000-7fc1e0000000 ---p 00000000 00:00 0 
7fc1e0000000-7fc1e3ffc000 rw-p 00000000 00:00 0 
7fc1e3ffc000-7fc1e4000000 ---p 00000000 00:00 0 
7fc1e4000000-7fc1e7ff9000 rw-p 00000000 00:00 0 
7fc1e7ff9000-7fc1e8000000 ---p 00000000 00:00 0 
7fc1e8000000-7fc1e9513000 rw-p 00000000 00:00 0 
7fc1e9513000-7fc1ec000000 ---p 00000000 00:00 0 
7fc1ec000000-7fc1efffb000 rw-p 00000000 00:00 0 
7fc1efffb000-7fc1f0000000 ---p 00000000 00:00 0 
7fc1f0000000-7fc1f0eb7000 rw-p 00000000 00:00 0 
7fc1f0eb7000-7fc1f4000000 ---p 00000000 00:00 0 
7fc1f4000000-7fc1f7ffa000 rw-p 00000000 00:00 0 
7fc1f7ffa000-7fc1f8000000 ---p 00000000 00:00 0 
7fc1f8000000-7fc1f9d93000 rw-p 00000000 00:00 0 
7fc1f9d93000-7fc1fc000000 ---p 00000000 00:00 0 
7fc1fc000000-7fc1fde9b000 rw-p 00000000 00:00 0 
7fc1fde9b000-7fc200000000 ---p 00000000 00:00 0 
7fc200000000-7fc201ddb000 rw-p 00000000 00:00 0 
7fc201ddb000-7fc204000000 ---p 00000000 00:00 0 
7fc204000000-7fc207fff000 rw-p 00000000 00:00 0 
7fc207fff000-7fc208000000 ---p 00000000 00:00 0 
7fc208000000-7fc20ab54000 rw-p 00000000 00:00 0 
7fc20ab54000-7fc20c000000 ---p 00000000 00:00 0 
7fc20c000000-7fc20fffd000 rw-p 00000000 00:00 0 
7fc20fffd000-7fc210000000 ---p 00000000 00:00 0 
7fc210000000-7fc210021000 rw-p 00000000 00:00 0 
7fc210021000-7fc214000000 ---p 00000000 00:00 0 
7fc214000000-7fc216213000 rw-p 00000000 00:00 0 
7fc216213000-7fc218000000 ---p 00000000 00:00 0 
7fc218000000-7fc218021000 rw-p 00000000 00:00 0 
7fc218021000-7fc21c000000 ---p 00000000 00:00 0 
7fc21c000000-7fc21c021000 rw-p 00000000 00:00 0 
7fc21c021000-7fc220000000 ---p 00000000 00:00 0 
7fc220000000-7fc221468000 rw-p 00000000 00:00 0 
7fc221468000-7fc224000000 ---p 00000000 00:00 0 
7fc224000000-7fc224441000 rw-p 00000000 00:00 0 
7fc224441000-7fc228000000 ---p 00000000 00:00 0 
7fc228000000-7fc228021000 rw-p 00000000 00:00 0 
7fc228021000-7fc22c000000 ---p 00000000 00:00 0 
7fc22c000000-7fc22d7e6000 rw-p 00000000 00:00 0 
7fc22d7e6000-7fc230000000 ---p 00000000 00:00 0 
7fc230000000-7fc230021000 rw-p 00000000 00:00 0 
7fc230021000-7fc234000000 ---p 00000000 00:00 0 
7fc234000000-7fc234021000 rw-p 00000000 00:00 0 
7fc234021000-7fc238000000 ---p 00000000 00:00 0 
7fc238000000-7fc238021000 rw-p 00000000 00:00 0 
7fc238021000-7fc23c000000 ---p 00000000 00:00 0 
7fc23c000000-7fc23c021000 rw-p 00000000 00:00 0 
7fc23c021000-7fc240000000 ---p 00000000 00:00 0 
7fc240000000-7fc240021000 rw-p 00000000 00:00 0 
7fc240021000-7fc244000000 ---p 00000000 00:00 0 
7fc244000000-7fc244021000 rw-p 00000000 00:00 0 
7fc244021000-7fc248000000 ---p 00000000 00:00 0 
7fc248000000-7fc248021000 rw-p 00000000 00:00 0 
7fc248021000-7fc24c000000 ---p 00000000 00:00 0 
7fc24c328000-7fc24c32b000 rw-p 00000000 00:00 0 
7fc24c32b000-7fc24c32e000 ---p 00000000 00:00 0 
7fc24c32e000-7fc24c42c000 rw-p 00000000 00:00 0 
7fc24c42c000-7fc24c42f000 ---p 00000000 00:00 0 
7fc24c42f000-7fc24c6ad000 rw-p 00000000 00:00 0 
7fc24c6ad000-7fc24c72d000 ---p 00000000 00:00 0 
7fc24c72d000-7fc24c92d000 rw-p 00000000 00:00 0 
7fc24c92d000-7fc24c92f000 r--s 00006000 08:01 4205736                    /home/shailendra/.m2/repository/com/google/appengine/appengine-java-sdk/1.9.64/appengine-java-sdk/appengine-java-sdk-1.9.64/lib/impl/agent/appengine-agentruntime.jar
7fc24c92f000-7fc24c931000 r--s 00008000 08:01 12981262                   /home/shailendra/Revimex/code/revimex/revimex/target/revimex-1.0-SNAPSHOT/WEB-INF/lib/org.apache.taglibs.taglibs-standard-spec-1.2.5.jar
7fc24c931000-7fc24c933000 r--s 00001000 08:01 12981223                   /home/shailendra/Revimex/code/revimex/revimex/target/revimex-1.0-SNAPSHOT/WEB-INF/lib/google-api-client-appengine-1.23.0.jar
7fc24c933000-7fc24c935000 r--s 00008000 08:01 12981254                   /home/shailendra/Revimex/code/revimex/revimex/target/revimex-1.0-SNAPSHOT/WEB-INF/lib/httpmime-4.3.4.jar
7fc24c935000-7fc24c937000 r--s 0000d000 08:01 12981245                   /home/shailendra/Revimex/code/revimex/revimex/target/revimex-1.0-SNAPSHOT/WEB-INF/lib/commons-logging-1.1.1.jar
7fc24c937000-7fc24c93b000 r--s 0000c000 08:01 12981239                   /home/shailendra/Revimex/code/revimex/revimex/target/revimex-1.0-SNAPSHOT/WEB-INF/lib/validation-api-1.1.0.Final.jar
7fc24c93b000-7fc24c93c000 r--s 00003000 08:01 12981230                   /home/shailendra/Revimex/code/revimex/revimex/target/revimex-1.0-SNAPSHOT/WEB-INF/lib/google-http-client-appengine-1.23.0.jar
7fc24c93c000-7fc24c96c000 r--s 00245000 08:01 12981208                   /home/shailendra/Revimex/code/revimex/revimex/target/revimex-1.0-SNAPSHOT/WEB-INF/lib/guava-22.0.jar
7fc24c96c000-7fc24c976000 r--s 00064000 08:01 12981214                   /home/shailendra/Revimex/code/revimex/revimex/target/revimex-1.0-SNAPSHOT/WEB-INF/lib/endpoints-framework-2.0.11.jar
7fc24c976000-7fc24c97c000 r--s 0002a000 08:01 12981228                   /home/shailendra/Revimex/code/revimex/revimex/target/revimex-1.0-SNAPSHOT/WEB-INF/lib/jdo2-api-2.3-eb.jar
7fc24c97c000-7fc24c97d000 r--s 00000000 08:01 12981212                   /home/shailendra/Revimex/code/revimex/revimex/target/revimex-1.0-SNAPSHOT/WEB-INF/lib/animal-sniffer-annotations-1.14.jar
7fc24c97d000-7fc24c97e000 r--s 00000000 08:01 12981240                   /home/shailendra/Revimex/code/revimex/revimex/target/revimex-1.0-SNAPSHOT/WEB-INF/lib/slf4j-nop-1.7.21.jar
7fc24c97e000-7fc24c987000 r--s 0004d000 08:01 12981213                   /home/shailendra/Revimex/code/revimex/revimex/target/revimex-1.0-SNAPSHOT/WEB-INF/lib/objectify-5.1.17.jar
7fc24c987000-7fc24c98a000 r--s 00015000 08:01 12981241                   /home/shailendra/Revimex/code/revimex/revimex/target/revimex-1.0-SNAPSHOT/WEB-INF/lib/super-csv-2.4.0.jar
7fc24c98a000-7fc24c98d000 r--s 0001f000 08:01 12981231                   /home/shailendra/Revimex/code/revimex/revimex/target/revimex-1.0-SNAPSHOT/WEB-INF/lib/swagger-models-1.5.9.jar
7fc24c98d000-7fc24c996000 r--s 00046000 08:01 12981237                   /home/shailendra/Revimex/code/revimex/revimex/target/revimex-1.0-SNAPSHOT/WEB-INF/lib/jackson-dataformat-yaml-2.4.5.jar
7fc24c996000-7fc24c99f000 r--s 0004f000 08:01 12981220                   /home/shailendra/Revimex/code/revimex/revimex/target/revimex-1.0-SNAPSHOT/WEB-INF/lib/google-http-client-1.23.0.jar
7fc24c99f000-7fc24c9a1000 r--s 00001000 08:01 12981211                   /home/shailendra/Revimex/code/revimex/revimex/target/revimex-1.0-SNAPSHOT/WEB-INF/lib/j2objc-annotations-1.1.jar
7fc24c9a1000-7fc24c9a4000 r--s 00006000 08:01 12981209                   /home/shailendra/Revimex/code/revimex/revimex/target/revimex-1.0-SNAPSHOT/WEB-INF/lib/jsr305-1.3.9.jar
7fc24c9a4000-7fc24c9a6000 r--s 00001000 08:01 12981224                   /home/shailendra/Revimex/code/revimex/revimex/target/revimex-1.0-SNAPSHOT/WEB-INF/lib/google-oauth-client-appengine-1.23.0.jar
7fc24c9a6000-7fc24c9ab000 r--s 0002c000 08:01 12981221                   /home/shailendra/Revimex/code/revimex/revimex/target/revimex-1.0-SNAPSHOT/WEB-INF/lib/google-api-client-1.23.0.jar
7fc24c9ab000-7fc24c9b7000 r--s 00085000 08:01 12981256                   /home/shailendra/Revimex/code/revimex/revimex/target/revimex-1.0-SNAPSHOT/WEB-INF/lib/httpclient-4.3.4.jar
7fc24c9b7000-7fc24c9ba000 r--s 00017000 08:01 12981234                   /home/shailendra/Revimex/code/revimex/revimex/target/revimex-1.0-SNAPSHOT/WEB-INF/lib/swagger-core-1.5.9.jar
7fc24c9ba000-7fc24c9bb000 r--s 00001000 08:01 12981252                   /home/shailendra/Revimex/code/revimex/revimex/target/revimex-1.0-SNAPSHOT/WEB-INF/lib/sendgrid-java-2.2.2.jar
7fc24c9bb000-7fc24c9c1000 r--s 0003f000 08:01 12981253                   /home/shailendra/Revimex/code/revimex/revimex/target/revimex-1.0-SNAPSHOT/WEB-INF/lib/httpcore-4.3.2.jar
7fc24c9c1000-7fc24c9c2000 r--s 00000000 08:01 12981255                   /home/shailendra/Revimex/code/revimex/revimex/target/revimex-1.0-SNAPSHOT/WEB-INF/lib/smtpapi-java-1.2.0.jar
7fc24c9c2000-7fc24c9c6000 r--s 0003c000 08:01 12981217                   /home/shailendra/Revimex/code/revimex/revimex/target/revimex-1.0-SNAPSHOT/WEB-INF/lib/jackson-core-2.6.4.jar
7fc24c9c6000-7fc24c9cd000 r--s 0003c000 08:01 12981238                   /home/shailendra/Revimex/code/revimex/revimex/target/revimex-1.0-SNAPSHOT/WEB-INF/lib/snakeyaml-1.12.jar
7fc24c9cd000-7fc24c9d1000 r--s 00027000 08:01 12981251                   /home/shailendra/Revimex/code/revimex/revimex/target/revimex-1.0-SNAPSHOT/WEB-INF/lib/commons-io-2.2.jar
7fc24c9d1000-7fc24c9d6000 r--s 00035000 08:01 12981244                   /home/shailendra/Revimex/code/revimex/revimex/target/revimex-1.0-SNAPSHOT/WEB-INF/lib/commons-beanutils-1.9.2.jar
7fc24c9d6000-7fc24c9d9000 r--s 00009000 08:01 12981216                   /home/shailendra/Revimex/code/revimex/revimex/target/revimex-1.0-SNAPSHOT/WEB-INF/lib/jackson-annotations-2.6.4.jar
7fc24c9d9000-7fc24c9de000 r--s 0002e000 08:01 12981261                   /home/shailendra/Revimex/code/revimex/revimex/target/revimex-1.0-SNAPSHOT/WEB-INF/lib/org.apache.taglibs.taglibs-standard-impl-1.2.5.jar
7fc24c9de000-7fc24cb23000 r--s 010c4000 08:01 12981206                   /home/shailendra/Revimex/code/revimex/revimex/target/revimex-1.0-SNAPSHOT/WEB-INF/lib/appengine-api-1.0-sdk-1.9.64.jar
7fc24cb23000-7fc24cb26000 ---p 00000000 00:00 0 
7fc24cb26000-7fc24cc24000 rw-p 00000000 00:00 0 
7fc24cc24000-7fc24cc27000 ---p 00000000 00:00 0 
7fc24cc27000-7fc24cd25000 rw-p 00000000 00:00 0 
7fc24cd25000-7fc24cd28000 ---p 00000000 00:00 0 
7fc24cd28000-7fc24ce26000 rw-p 00000000 00:00 0 
7fc24ce26000-7fc24ce29000 ---p 00000000 00:00 0 
7fc24ce29000-7fc24cf27000 rw-p 00000000 00:00 0 
7fc24cf27000-7fc24cf2a000 ---p 00000000 00:00 0 
7fc24cf2a000-7fc24d028000 rw-p 00000000 00:00 0 
7fc24d028000-7fc24d02b000 ---p 00000000 00:00 0 
7fc24d02b000-7fc24d129000 rw-p 00000000 00:00 0 
7fc24d129000-7fc24d12c000 ---p 00000000 00:00 0 
7fc24d12c000-7fc24d22a000 rw-p 00000000 00:00 0 
7fc24d22a000-7fc24d22d000 ---p 00000000 00:00 0 
7fc24d22d000-7fc24d52b000 rw-p 00000000 00:00 0 
7fc24d52b000-7fc24d72b000 rw-p 00000000 00:00 0 
7fc24d72b000-7fc24d92b000 rw-p 00000000 00:00 0 
7fc24d92b000-7fc24d93c000 r-xp 00000000 08:01 9831166                    /usr/lib/jvm/java-8-oracle/jre/lib/amd64/libnio.so
7fc24d93c000-7fc24db3b000 ---p 00011000 08:01 9831166                    /usr/lib/jvm/java-8-oracle/jre/lib/amd64/libnio.so
7fc24db3b000-7fc24db3c000 r--p 00010000 08:01 9831166                    /usr/lib/jvm/java-8-oracle/jre/lib/amd64/libnio.so
7fc24db3c000-7fc24db3d000 rw-p 00011000 08:01 9831166                    /usr/lib/jvm/java-8-oracle/jre/lib/amd64/libnio.so
7fc24db3d000-7fc24db45000 r-xp 00000000 08:01 9831192                    /usr/lib/jvm/java-8-oracle/jre/lib/amd64/libmanagement.so
7fc24db45000-7fc24dd45000 ---p 00008000 08:01 9831192                    /usr/lib/jvm/java-8-oracle/jre/lib/amd64/libmanagement.so
7fc24dd45000-7fc24dd46000 r--p 00008000 08:01 9831192                    /usr/lib/jvm/java-8-oracle/jre/lib/amd64/libmanagement.so
7fc24dd46000-7fc24dd47000 rw-p 00009000 08:01 9831192                    /usr/lib/jvm/java-8-oracle/jre/lib/amd64/libmanagement.so
7fc24dd47000-7fc24de8c000 r--s 010c4000 08:01 4075190                    /home/shailendra/.m2/repository/com/google/appengine/appengine-java-sdk/1.9.64/appengine-java-sdk/appengine-java-sdk-1.9.64/lib/impl/appengine-api.jar
7fc24de8c000-7fc24dea2000 r-xp 00000000 08:01 9831196                    /usr/lib/jvm/java-8-oracle/jre/lib/amd64/libnet.so
7fc24dea2000-7fc24e0a1000 ---p 00016000 08:01 9831196                    /usr/lib/jvm/java-8-oracle/jre/lib/amd64/libnet.so
7fc24e0a1000-7fc24e0a2000 r--p 00015000 08:01 9831196                    /usr/lib/jvm/java-8-oracle/jre/lib/amd64/libnet.so
7fc24e0a2000-7fc24e0a3000 rw-p 00016000 08:01 9831196                    /usr/lib/jvm/java-8-oracle/jre/lib/amd64/libnet.so
7fc24e0a3000-7fc24e12c000 r--s 007ff000 08:01 4075189                    /home/shailendra/.m2/repository/com/google/appengine/appengine-java-sdk/1.9.64/appengine-java-sdk/appengine-java-sdk-1.9.64/lib/impl/appengine-api-stubs.jar
7fc24e12c000-7fc24e1ca000 r--s 00834000 08:01 4075191                    /home/shailendra/.m2/repository/com/google/appengine/appengine-java-sdk/1.9.64/appengine-java-sdk/appengine-java-sdk-1.9.64/lib/impl/appengine-local-runtime.jar
7fc24e1ca000-7fc24e1cd000 ---p 00000000 00:00 0 
7fc24e1cd000-7fc24e2cb000 rw-p 00000000 00:00 0 
7fc24e2cb000-7fc24e3e1000 r--s 00dd2000 08:01 3817183                    /home/shailendra/.m2/repository/com/google/appengine/appengine-java-sdk/1.9.64/appengine-java-sdk/appengine-java-sdk-1.9.64/lib/appengine-tools-api.jar
7fc24e3e1000-7fc24e3e2000 ---p 00000000 00:00 0 
7fc24e3e2000-7fc24e4e2000 rw-p 00000000 00:00 0 
7fc24e4e2000-7fc24e4e5000 ---p 00000000 00:00 0 
7fc24e4e5000-7fc24e5e3000 rw-p 00000000 00:00 0 
7fc24e5e3000-7fc24e5e6000 ---p 00000000 00:00 0 
7fc24e5e6000-7fc24e6e4000 rw-p 00000000 00:00 0 
7fc24e6e4000-7fc24e6e7000 ---p 00000000 00:00 0 
7fc24e6e7000-7fc24e7e5000 rw-p 00000000 00:00 0 
7fc24e7e5000-7fc24e7e8000 ---p 00000000 00:00 0 
7fc24e7e8000-7fc24e8e6000 rw-p 00000000 00:00 0 
7fc24e8e6000-7fc24e8e9000 ---p 00000000 00:00 0 
7fc24e8e9000-7fc24e9e7000 rw-p 00000000 00:00 0 
7fc24e9e7000-7fc24e9ea000 ---p 00000000 00:00 0 
7fc24e9ea000-7fc24eae8000 rw-p 00000000 00:00 0 
7fc24eae8000-7fc24eaec000 r-xp 00000000 08:01 9831223                    /usr/lib/jvm/java-8-oracle/jre/lib/amd64/libdt_socket.so
7fc24eaec000-7fc24eceb000 ---p 00004000 08:01 9831223                    /usr/lib/jvm/java-8-oracle/jre/lib/amd64/libdt_socket.so
7fc24eceb000-7fc24ecec000 r--p 00003000 08:01 9831223                    /usr/lib/jvm/java-8-oracle/jre/lib/amd64/libdt_socket.so
7fc24ecec000-7fc24eced000 rw-p 00004000 08:01 9831223                    /usr/lib/jvm/java-8-oracle/jre/lib/amd64/libdt_socket.so
7fc24eced000-7fc24ecf0000 ---p 00000000 00:00 0 
7fc24ecf0000-7fc24edee000 rw-p 00000000 00:00 0 
7fc24edee000-7fc24edf1000 ---p 00000000 00:00 0 
7fc24edf1000-7fc24eeef000 rw-p 00000000 00:00 0 
7fc24eeef000-7fc24eef2000 ---p 00000000 00:00 0 
7fc24eef2000-7fc24eff0000 rw-p 00000000 00:00 0 
7fc24eff0000-7fc24eff1000 ---p 00000000 00:00 0 
7fc24eff1000-7fc250000000 rw-p 00000000 00:00 0 
7fc250000000-7fc250021000 rw-p 00000000 00:00 0 
7fc250021000-7fc254000000 ---p 00000000 00:00 0 
7fc254000000-7fc254002000 r--s 00005000 08:01 12981232                   /home/shailendra/Revimex/code/revimex/revimex/target/revimex-1.0-SNAPSHOT/WEB-INF/lib/slf4j-api-1.6.3.jar
7fc254002000-7fc254003000 r--s 0000d000 08:01 12981249                   /home/shailendra/Revimex/code/revimex/revimex/target/revimex-1.0-SNAPSHOT/WEB-INF/lib/json-20170516.jar
7fc254003000-7fc254005000 r--s 0000c000 08:01 12981235                   /home/shailendra/Revimex/code/revimex/revimex/target/revimex-1.0-SNAPSHOT/WEB-INF/lib/jackson-datatype-joda-2.4.5.jar
7fc254005000-7fc25400c000 r--s 00064000 08:01 12981243                   /home/shailendra/Revimex/code/revimex/revimex/target/revimex-1.0-SNAPSHOT/WEB-INF/lib/commons-lang3-3.4.jar
7fc25400c000-7fc25400e000 r--s 00018000 08:01 12981215                   /home/shailendra/Revimex/code/revimex/revimex/target/revimex-1.0-SNAPSHOT/WEB-INF/lib/servlet-api-2.5.jar
7fc25400e000-7fc25400f000 r--s 00003000 08:01 12981233                   /home/shailendra/Revimex/code/revimex/revimex/target/revimex-1.0-SNAPSHOT/WEB-INF/lib/swagger-annotations-1.5.9.jar
7fc25400f000-7fc254010000 r--s 00003000 08:01 12981229                   /home/shailendra/Revimex/code/revimex/revimex/target/revimex-1.0-SNAPSHOT/WEB-INF/lib/transaction-api-1.1.jar
7fc254010000-7fc254012000 r--s 00009000 08:01 12981247                   /home/shailendra/Revimex/code/revimex/revimex/target/revimex-1.0-SNAPSHOT/WEB-INF/lib/spring-security-crypto-4.0.3.RELEASE.jar
7fc254012000-7fc254013000 r--s 00001000 08:01 12981227                   /home/shailendra/Revimex/code/revimex/revimex/target/revimex-1.0-SNAPSHOT/WEB-INF/lib/google-api-client-servlet-1.23.0.jar
7fc254013000-7fc254014000 r--s 00002000 08:01 12981210                   /home/shailendra/Revimex/code/revimex/revimex/target/revimex-1.0-SNAPSHOT/WEB-INF/lib/error_prone_annotations-2.0.18.jar
7fc254014000-7fc254017000 r--s 0000f000 08:01 12981250                   /home/shailendra/Revimex/code/revimex/revimex/target/revimex-1.0-SNAPSHOT/WEB-INF/lib/commons-fileupload-1.3.2.jar
7fc254017000-7fc25401a000 r--s 0000d000 08:01 12981222                   /home/shailendra/Revimex/code/revimex/revimex/target/revimex-1.0-SNAPSHOT/WEB-INF/lib/google-oauth-client-1.23.0.jar
7fc25401a000-7fc25401b000 r--s 00002000 08:01 12981226                   /home/shailendra/Revimex/code/revimex/revimex/target/revimex-1.0-SNAPSHOT/WEB-INF/lib/google-http-client-jdo-1.23.0.jar
7fc25401b000-7fc25402b000 r--s 0007d000 08:01 12981236                   /home/shailendra/Revimex/code/revimex/revimex/target/revimex-1.0-SNAPSHOT/WEB-INF/lib/joda-time-2.2.jar
7fc25402b000-7fc25402c000 r--s 00001000 08:01 12981219                   /home/shailendra/Revimex/code/revimex/revimex/target/revimex-1.0-SNAPSHOT/WEB-INF/lib/google-http-client-jackson2-1.23.0.jar
7fc25402c000-7fc254032000 r--s 00033000 08:01 12981257                   /home/shailendra/Revimex/code/revimex/revimex/target/revimex-1.0-SNAPSHOT/WEB-INF/lib/commons-codec-1.6.jar
7fc254032000-7fc254036000 r--s 0001d000 08:01 12981248                   /home/shailendra/Revimex/code/revimex/revimex/target/revimex-1.0-SNAPSHOT/WEB-INF/lib/google-api-services-storage-v1-rev119-1.23.0.jar
7fc254036000-7fc254047000 r--s 0010d000 08:01 12981218                   /home/shailendra/Revimex/code/revimex/revimex/target/revimex-1.0-SNAPSHOT/WEB-INF/lib/jackson-databind-2.6.4.jar
7fc254047000-7fc254049000 r--s 00004000 08:01 12981225                   /home/shailendra/Revimex/code/revimex/revimex/target/revimex-1.0-SNAPSHOT/WEB-INF/lib/google-oauth-client-servlet-1.23.0.jar
7fc254049000-7fc254053000 r--s 0005c000 08:01 12981207                   /home/shailendra/Revimex/code/revimex/revimex/target/revimex-1.0-SNAPSHOT/WEB-INF/lib/jstl-1.2.jar
7fc254053000-7fc254055000 r--s 0000e000 08:01 12981242                   /home/shailendra/Revimex/code/revimex/revimex/target/revimex-1.0-SNAPSHOT/WEB-INF/lib/opencsv-3.8.jar
7fc254055000-7fc254063000 r--s 0007f000 08:01 12981246                   /home/shailendra/Revimex/code/revimex/revimex/target/revimex-1.0-SNAPSHOT/WEB-INF/lib/commons-collections-3.2.1.jar
7fc254063000-7fc254068000 r--s 000a0000 08:01 9831356                    /usr/lib/jvm/java-8-oracle/jre/lib/jsse.jar
7fc254068000-7fc25406a000 r--s 00012000 08:01 27798619                   /home/shailendra/.m2/repository/com/google/appengine/appengine-java-sdk/1.9.64/appengine-java-sdk/appengine-java-sdk-1.9.64/jetty93/jetty-distribution/lib/annotations/asm-commons-6.0_BETA.jar
7fc25406a000-7fc25406b000 r--s 00017000 08:01 27798513                   /home/shailendra/.m2/repository/com/google/appengine/appengine-java-sdk/1.9.64/appengine-java-sdk/appengine-java-sdk-1.9.64/jetty93/jetty-distribution/lib/annotations/asm-6.0_BETA.jar
7fc25406b000-7fc25406d000 r--s 00005000 08:01 27798620                   /home/shailendra/.m2/repository/com/google/appengine/appengine-java-sdk/1.9.64/appengine-java-sdk/appengine-java-sdk-1.9.64/jetty93/jetty-distribution/lib/annotations/javax.annotation-api-1.2.jar
7fc25406d000-7fc25406e000 r--s 00002000 08:01 27408498                   /home/shailendra/.m2/repository/com/google/appengine/appengine-java-sdk/1.9.64/appengine-java-sdk/appengine-java-sdk-1.9.64/jetty93/jetty-distribution/lib/jetty-gcloud-memcached-session-manager-9.3.18.v20170406.jar
7fc25406e000-7fc25406f000 r--s 00005000 08:01 27408512                   /home/shailendra/.m2/repository/com/google/appengine/appengine-java-sdk/1.9.64/appengine-java-sdk/appengine-java-sdk-1.9.64/jetty93/jetty-distribution/lib/jetty-jmx-9.3.18.v20170406.jar
7fc25406f000-7fc254072000 r--s 00015000 08:01 27408520                   /home/shailendra/.m2/repository/com/google/appengine/appengine-java-sdk/1.9.64/appengine-java-sdk/appengine-java-sdk-1.9.64/jetty93/jetty-distribution/lib/jetty-security-9.3.18.v20170406.jar
7fc254072000-7fc254074000 r--s 00006000 08:01 27408514                   /home/shailendra/.m2/repository/com/google/appengine/appengine-java-sdk/1.9.64/appengine-java-sdk/appengine-java-sdk-1.9.64/jetty93/jetty-distribution/lib/jetty-nosql-9.3.18.v20170406.jar
7fc254074000-7fc254076000 r--s 00004000 08:01 27408508                   /home/shailendra/.m2/repository/com/google/appengine/appengine-java-sdk/1.9.64/appengine-java-sdk/appengine-java-sdk-1.9.64/jetty93/jetty-distribution/lib/jetty-infinispan-9.3.18.v20170406.jar
7fc254076000-7fc254250000 r--s 03d6c000 08:01 9831107                    /usr/lib/jvm/java-8-oracle/jre/lib/rt.jar
7fc254250000-7fc258000000 rw-p 00000000 00:00 0 
7fc258000000-7fc258021000 rw-p 00000000 00:00 0 
7fc258021000-7fc25c000000 ---p 00000000 00:00 0 
7fc25c000000-7fc25c001000 r--s 00003000 08:01 27408496                   /home/shailendra/.m2/repository/com/google/appengine/appengine-java-sdk/1.9.64/appengine-java-sdk/appengine-java-sdk-1.9.64/jetty93/jetty-distribution/lib/jetty-continuation-9.3.18.v20170406.jar
7fc25c001000-7fc25c008000 r--s 00079000 08:01 27408521                   /home/shailendra/.m2/repository/com/google/appengine/appengine-java-sdk/1.9.64/appengine-java-sdk/appengine-java-sdk-1.9.64/jetty93/jetty-distribution/lib/jetty-server-9.3.18.v20170406.jar
7fc25c008000-7fc25c00b000 r--s 00022000 08:01 27408507                   /home/shailendra/.m2/repository/com/google/appengine/appengine-java-sdk/1.9.64/appengine-java-sdk/appengine-java-sdk-1.9.64/jetty93/jetty-distribution/lib/jetty-http-9.3.18.v20170406.jar
7fc25c00b000-7fc25c00c000 r--s 00005000 08:01 27408506                   /home/shailendra/.m2/repository/com/google/appengine/appengine-java-sdk/1.9.64/appengine-java-sdk/appengine-java-sdk-1.9.64/jetty93/jetty-distribution/lib/jetty-gcloud-session-manager-9.3.18.v20170406.jar
7fc25c00c000-7fc25c00e000 r--s 00008000 08:01 27408517                   /home/shailendra/.m2/repository/com/google/appengine/appengine-java-sdk/1.9.64/appengine-java-sdk/appengine-java-sdk-1.9.64/jetty93/jetty-distribution/lib/jetty-quickstart-9.3.18.v20170406.jar
7fc25c00e000-7fc25c011000 r--s 00012000 08:01 27400229                   /home/shailendra/.m2/repository/com/google/appengine/appengine-java-sdk/1.9.64/appengine-java-sdk/appengine-java-sdk-1.9.64/jetty93/jetty-distribution/lib/jetty-annotations-9.3.18.v20170406.jar
7fc25c011000-7fc25c014000 r--s 00013000 08:01 27408516                   /home/shailendra/.m2/repository/com/google/appengine/appengine-java-sdk/1.9.64/appengine-java-sdk/appengine-java-sdk-1.9.64/jetty93/jetty-distribution/lib/jetty-proxy-9.3.18.v20170406.jar
7fc25c014000-7fc25c016000 r--s 00008000 08:01 27408511                   /home/shailendra/.m2/repository/com/google/appengine/appengine-java-sdk/1.9.64/appengine-java-sdk/appengine-java-sdk-1.9.64/jetty93/jetty-distribution/lib/jetty-jaspi-9.3.18.v20170406.jar
7fc25c016000-7fc25c018000 r--s 00007000 08:01 27408518                   /home/shailendra/.m2/repository/com/google/appengine/appengine-java-sdk/1.9.64/appengine-java-sdk/appengine-java-sdk-1.9.64/jetty93/jetty-distribution/lib/jetty-rewrite-9.3.18.v20170406.jar
7fc25c018000-7fc25c01a000 r--s 0000b000 08:01 27408526                   /home/shailendra/.m2/repository/com/google/appengine/appengine-java-sdk/1.9.64/appengine-java-sdk/appengine-java-sdk-1.9.64/jetty93/jetty-distribution/lib/jetty-xml-9.3.18.v20170406.jar
7fc25c01a000-7fc25c01c000 r--s 0000b000 08:01 27408497                   /home/shailendra/.m2/repository/com/google/appengine/appengine-java-sdk/1.9.64/appengine-java-sdk/appengine-java-sdk-1.9.64/jetty93/jetty-distribution/lib/jetty-deploy-9.3.18.v20170406.jar
7fc25c01c000-7fc25c022000 r--s 0003b000 08:01 27408495                   /home/shailendra/.m2/repository/com/google/appengine/appengine-java-sdk/1.9.64/appengine-java-sdk/appengine-java-sdk-1.9.64/jetty93/jetty-distribution/lib/jetty-client-9.3.18.v20170406.jar
7fc25c022000-7fc25c024000 r--s 00014000 08:01 27408523                   /home/shailendra/.m2/repository/com/google/appengine/appengine-java-sdk/1.9.64/appengine-java-sdk/appengine-java-sdk-1.9.64/jetty93/jetty-distribution/lib/jetty-servlets-9.3.18.v20170406.jar
7fc25c024000-7fc25c026000 r--s 0001a000 08:01 27408525                   /home/shailendra/.m2/repository/com/google/appengine/appengine-java-sdk/1.9.64/appengine-java-sdk/appengine-java-sdk-1.9.64/jetty93/jetty-distribution/lib/jetty-webapp-9.3.18.v20170406.jar
7fc25c026000-7fc25c029000 r--s 0001b000 08:01 27408522                   /home/shailendra/.m2/repository/com/google/appengine/appengine-java-sdk/1.9.64/appengine-java-sdk/appengine-java-sdk-1.9.64/jetty93/jetty-distribution/lib/jetty-servlet-9.3.18.v20170406.jar
7fc25c029000-7fc25c033000 r--s 00116000 08:01 9831244                    /usr/lib/jvm/java-8-oracle/jre/lib/ext/localedata.jar
7fc25c033000-7fc25c04f000 r--s 00393000 08:01 9831239                    /usr/lib/jvm/java-8-oracle/jre/lib/ext/cldrdata.jar
7fc25c04f000-7fc25c061000 r--s 00223000 08:01 27930278                   /home/shailendra/.m2/repository/com/google/appengine/appengine-java-sdk/1.9.64/appengine-java-sdk/appengine-java-sdk-1.9.64/jetty93/jetty-distribution/lib/apache-jsp/org.eclipse.jdt.core.compiler.ecj-4.4.2.jar
7fc25c061000-7fc25c06e000 r--s 000df000 08:01 27930281                   /home/shailendra/.m2/repository/com/google/appengine/appengine-java-sdk/1.9.64/appengine-java-sdk/appengine-java-sdk-1.9.64/jetty93/jetty-distribution/lib/apache-jsp/org.mortbay.jasper.apache-jsp-8.0.33.jar
7fc25c06e000-7fc25ccfd000 rw-p 00000000 00:00 0 
7fc25ccfd000-7fc25ccfe000 ---p 00000000 00:00 0 
7fc25ccfe000-7fc25cdfe000 rw-p 00000000 00:00 0 
7fc25cdfe000-7fc25cdff000 ---p 00000000 00:00 0 
7fc25cdff000-7fc25ceff000 rw-p 00000000 00:00 0 
7fc25ceff000-7fc25cf00000 ---p 00000000 00:00 0 
7fc25cf00000-7fc25d000000 rw-p 00000000 00:00 0 
7fc25d000000-7fc25d700000 rwxp 00000000 00:00 0 
7fc25d700000-7fc26c000000 ---p 00000000 00:00 0 
7fc26c000000-7fc26cbd8000 rw-p 00000000 00:00 0 
7fc26cbd8000-7fc270000000 ---p 00000000 00:00 0 
7fc270000000-7fc270003000 r--s 0001b000 08:01 27408509                   /home/shailendra/.m2/repository/com/google/appengine/appengine-java-sdk/1.9.64/appengine-java-sdk/appengine-java-sdk-1.9.64/jetty93/jetty-distribution/lib/jetty-io-9.3.18.v20170406.jar
7fc270003000-7fc2700bb000 rw-p 00000000 00:00 0 
7fc2700bb000-7fc2700bc000 ---p 00000000 00:00 0 
7fc2700bc000-7fc270207000 rw-p 00000000 00:00 0 
7fc270207000-7fc27044e000 ---p 00000000 00:00 0 
7fc27044e000-7fc270499000 rw-p 00000000 00:00 0 
7fc270499000-7fc2706e0000 ---p 00000000 00:00 0 
7fc2706e0000-7fc270781000 rw-p 00000000 00:00 0 
7fc270781000-7fc270829000 ---p 00000000 00:00 0 
7fc270829000-7fc270846000 rw-p 00000000 00:00 0 
7fc270846000-7fc270bea000 ---p 00000000 00:00 0 
7fc270bea000-7fc270c04000 r-xp 00000000 08:01 9831226                    /usr/lib/jvm/java-8-oracle/jre/lib/amd64/libzip.so
7fc270c04000-7fc270e04000 ---p 0001a000 08:01 9831226                    /usr/lib/jvm/java-8-oracle/jre/lib/amd64/libzip.so
7fc270e04000-7fc270e05000 r--p 0001a000 08:01 9831226                    /usr/lib/jvm/java-8-oracle/jre/lib/amd64/libzip.so
7fc270e05000-7fc270e06000 rw-p 0001b000 08:01 9831226                    /usr/lib/jvm/java-8-oracle/jre/lib/amd64/libzip.so
7fc270e06000-7fc270e10000 r-xp 00000000 08:01 3671135                    /lib/x86_64-linux-gnu/libnss_files-2.19.so
7fc270e10000-7fc27100f000 ---p 0000a000 08:01 3671135                    /lib/x86_64-linux-gnu/libnss_files-2.19.so
7fc27100f000-7fc271010000 r--p 00009000 08:01 3671135                    /lib/x86_64-linux-gnu/libnss_files-2.19.so
7fc271010000-7fc271011000 rw-p 0000a000 08:01 3671135                    /lib/x86_64-linux-gnu/libnss_files-2.19.so
7fc271011000-7fc27101c000 r-xp 00000000 08:01 3679932                    /lib/x86_64-linux-gnu/libnss_nis-2.19.so
7fc27101c000-7fc27121b000 ---p 0000b000 08:01 3679932                    /lib/x86_64-linux-gnu/libnss_nis-2.19.so
7fc27121b000-7fc27121c000 r--p 0000a000 08:01 3679932                    /lib/x86_64-linux-gnu/libnss_nis-2.19.so
7fc27121c000-7fc27121d000 rw-p 0000b000 08:01 3679932                    /lib/x86_64-linux-gnu/libnss_nis-2.19.so
7fc27121d000-7fc271234000 r-xp 00000000 08:01 3679945                    /lib/x86_64-linux-gnu/libnsl-2.19.so
7fc271234000-7fc271433000 ---p 00017000 08:01 3679945                    /lib/x86_64-linux-gnu/libnsl-2.19.so
7fc271433000-7fc271434000 r--p 00016000 08:01 3679945                    /lib/x86_64-linux-gnu/libnsl-2.19.so
7fc271434000-7fc271435000 rw-p 00017000 08:01 3679945                    /lib/x86_64-linux-gnu/libnsl-2.19.so
7fc271435000-7fc271437000 rw-p 00000000 00:00 0 
7fc271437000-7fc271440000 r-xp 00000000 08:01 3679934                    /lib/x86_64-linux-gnu/libnss_compat-2.19.so
7fc271440000-7fc27163f000 ---p 00009000 08:01 3679934                    /lib/x86_64-linux-gnu/libnss_compat-2.19.so
7fc27163f000-7fc271640000 r--p 00008000 08:01 3679934                    /lib/x86_64-linux-gnu/libnss_compat-2.19.so
7fc271640000-7fc271641000 rw-p 00009000 08:01 3679934                    /lib/x86_64-linux-gnu/libnss_compat-2.19.so
7fc271641000-7fc271d23000 r--p 00000000 08:01 4594216                    /usr/lib/locale/locale-archive
7fc271d23000-7fc271d25000 r-xp 00000000 08:01 9831210                    /usr/lib/jvm/java-8-oracle/jre/lib/amd64/libnpt.so
7fc271d25000-7fc271f25000 ---p 00002000 08:01 9831210                    /usr/lib/jvm/java-8-oracle/jre/lib/amd64/libnpt.so
7fc271f25000-7fc271f26000 r--p 00002000 08:01 9831210                    /usr/lib/jvm/java-8-oracle/jre/lib/amd64/libnpt.so
7fc271f26000-7fc271f27000 rw-p 00003000 08:01 9831210                    /usr/lib/jvm/java-8-oracle/jre/lib/amd64/libnpt.so
7fc271f27000-7fc271f61000 r-xp 00000000 08:01 9831169                    /usr/lib/jvm/java-8-oracle/jre/lib/amd64/libjdwp.so
7fc271f61000-7fc272160000 ---p 0003a000 08:01 9831169                    /usr/lib/jvm/java-8-oracle/jre/lib/amd64/libjdwp.so
7fc272160000-7fc272161000 r--p 00039000 08:01 9831169                    /usr/lib/jvm/java-8-oracle/jre/lib/amd64/libjdwp.so
7fc272161000-7fc272162000 rw-p 0003a000 08:01 9831169                    /usr/lib/jvm/java-8-oracle/jre/lib/amd64/libjdwp.so
7fc272162000-7fc27218f000 r-xp 00000000 08:01 9831173                    /usr/lib/jvm/java-8-oracle/jre/lib/amd64/libjava.so
7fc27218f000-7fc27238e000 ---p 0002d000 08:01 9831173                    /usr/lib/jvm/java-8-oracle/jre/lib/amd64/libjava.so
7fc27238e000-7fc27238f000 r--p 0002c000 08:01 9831173                    /usr/lib/jvm/java-8-oracle/jre/lib/amd64/libjava.so
7fc27238f000-7fc272391000 rw-p 0002d000 08:01 9831173                    /usr/lib/jvm/java-8-oracle/jre/lib/amd64/libjava.so
7fc272391000-7fc27239e000 r-xp 00000000 08:01 9831182                    /usr/lib/jvm/java-8-oracle/jre/lib/amd64/libverify.so
7fc27239e000-7fc27259d000 ---p 0000d000 08:01 9831182                    /usr/lib/jvm/java-8-oracle/jre/lib/amd64/libverify.so
7fc27259d000-7fc27259f000 r--p 0000c000 08:01 9831182                    /usr/lib/jvm/java-8-oracle/jre/lib/amd64/libverify.so
7fc27259f000-7fc2725a0000 rw-p 0000e000 08:01 9831182                    /usr/lib/jvm/java-8-oracle/jre/lib/amd64/libverify.so
7fc2725a0000-7fc2725a7000 r-xp 00000000 08:01 3679943                    /lib/x86_64-linux-gnu/librt-2.19.so
7fc2725a7000-7fc2727a6000 ---p 00007000 08:01 3679943                    /lib/x86_64-linux-gnu/librt-2.19.so
7fc2727a6000-7fc2727a7000 r--p 00006000 08:01 3679943                    /lib/x86_64-linux-gnu/librt-2.19.so
7fc2727a7000-7fc2727a8000 rw-p 00007000 08:01 3679943                    /lib/x86_64-linux-gnu/librt-2.19.so
7fc2727a8000-7fc2728ad000 r-xp 00000000 08:01 3679936                    /lib/x86_64-linux-gnu/libm-2.19.so
7fc2728ad000-7fc272aac000 ---p 00105000 08:01 3679936                    /lib/x86_64-linux-gnu/libm-2.19.so
7fc272aac000-7fc272aad000 r--p 00104000 08:01 3679936                    /lib/x86_64-linux-gnu/libm-2.19.so
7fc272aad000-7fc272aae000 rw-p 00105000 08:01 3679936                    /lib/x86_64-linux-gnu/libm-2.19.so
7fc272aae000-7fc273790000 r-xp 00000000 08:01 9831176                    /usr/lib/jvm/java-8-oracle/jre/lib/amd64/server/libjvm.so
7fc273790000-7fc273990000 ---p 00ce2000 08:01 9831176                    /usr/lib/jvm/java-8-oracle/jre/lib/amd64/server/libjvm.so
7fc273990000-7fc273a26000 r--p 00ce2000 08:01 9831176                    /usr/lib/jvm/java-8-oracle/jre/lib/amd64/server/libjvm.so
7fc273a26000-7fc273a57000 rw-p 00d78000 08:01 9831176                    /usr/lib/jvm/java-8-oracle/jre/lib/amd64/server/libjvm.so
7fc273a57000-7fc273a92000 rw-p 00000000 00:00 0 
7fc273a92000-7fc273c50000 r-xp 00000000 08:01 3679950                    /lib/x86_64-linux-gnu/libc-2.19.so
7fc273c50000-7fc273e50000 ---p 001be000 08:01 3679950                    /lib/x86_64-linux-gnu/libc-2.19.so
7fc273e50000-7fc273e54000 r--p 001be000 08:01 3679950                    /lib/x86_64-linux-gnu/libc-2.19.so
7fc273e54000-7fc273e56000 rw-p 001c2000 08:01 3679950                    /lib/x86_64-linux-gnu/libc-2.19.so
7fc273e56000-7fc273e5b000 rw-p 00000000 00:00 0 
7fc273e5b000-7fc273e5e000 r-xp 00000000 08:01 3679946                    /lib/x86_64-linux-gnu/libdl-2.19.so
7fc273e5e000-7fc27405d000 ---p 00003000 08:01 3679946                    /lib/x86_64-linux-gnu/libdl-2.19.so
7fc27405d000-7fc27405e000 r--p 00002000 08:01 3679946                    /lib/x86_64-linux-gnu/libdl-2.19.so
7fc27405e000-7fc27405f000 rw-p 00003000 08:01 3679946                    /lib/x86_64-linux-gnu/libdl-2.19.so
7fc27405f000-7fc274076000 r-xp 00000000 08:01 9831217                    /usr/lib/jvm/java-8-oracle/jre/lib/amd64/jli/libjli.so
7fc274076000-7fc274275000 ---p 00017000 08:01 9831217                    /usr/lib/jvm/java-8-oracle/jre/lib/amd64/jli/libjli.so
7fc274275000-7fc274276000 r--p 00016000 08:01 9831217                    /usr/lib/jvm/java-8-oracle/jre/lib/amd64/jli/libjli.so
7fc274276000-7fc274277000 rw-p 00017000 08:01 9831217                    /usr/lib/jvm/java-8-oracle/jre/lib/amd64/jli/libjli.so
7fc274277000-7fc274290000 r-xp 00000000 08:01 3679942                    /lib/x86_64-linux-gnu/libpthread-2.19.so
7fc274290000-7fc27448f000 ---p 00019000 08:01 3679942                    /lib/x86_64-linux-gnu/libpthread-2.19.so
7fc27448f000-7fc274490000 r--p 00018000 08:01 3679942                    /lib/x86_64-linux-gnu/libpthread-2.19.so
7fc274490000-7fc274491000 rw-p 00019000 08:01 3679942                    /lib/x86_64-linux-gnu/libpthread-2.19.so
7fc274491000-7fc274495000 rw-p 00000000 00:00 0 
7fc274495000-7fc2744b8000 r-xp 00000000 08:01 3679939                    /lib/x86_64-linux-gnu/ld-2.19.so
7fc2744b8000-7fc2744b9000 r--s 00001000 08:01 27400228                   /home/shailendra/.m2/repository/com/google/appengine/appengine-java-sdk/1.9.64/appengine-java-sdk/appengine-java-sdk-1.9.64/jetty93/jetty-distribution/lib/jetty-alpn-server-9.3.18.v20170406.jar
7fc2744b9000-7fc2744bb000 r--s 0000c000 08:01 27408515                   /home/shailendra/.m2/repository/com/google/appengine/appengine-java-sdk/1.9.64/appengine-java-sdk/appengine-java-sdk-1.9.64/jetty93/jetty-distribution/lib/jetty-plus-9.3.18.v20170406.jar
7fc2744bb000-7fc2744bd000 r--s 00009000 08:01 27408513                   /home/shailendra/.m2/repository/com/google/appengine/appengine-java-sdk/1.9.64/appengine-java-sdk/appengine-java-sdk-1.9.64/jetty93/jetty-distribution/lib/jetty-jndi-9.3.18.v20170406.jar
7fc2744bd000-7fc2744bf000 r--s 00008000 08:01 28192587                   /home/shailendra/.m2/repository/com/google/appengine/appengine-java-sdk/1.9.64/appengine-java-sdk/appengine-java-sdk-1.9.64/jetty93/jetty-distribution/lib/apache-jstl/org.apache.taglibs.taglibs-standard-spec-1.2.5.jar
7fc2744bf000-7fc2744c4000 r--s 0002e000 08:01 28192585                   /home/shailendra/.m2/repository/com/google/appengine/appengine-java-sdk/1.9.64/appengine-java-sdk/appengine-java-sdk-1.9.64/jetty93/jetty-distribution/lib/apache-jstl/org.apache.taglibs.taglibs-standard-impl-1.2.5.jar
7fc2744c4000-7fc2744cb000 r--s 00067000 08:01 27408524                   /home/shailendra/.m2/repository/com/google/appengine/appengine-java-sdk/1.9.64/appengine-java-sdk/appengine-java-sdk-1.9.64/jetty93/jetty-distribution/lib/jetty-util-9.3.18.v20170406.jar
7fc2744cb000-7fc274596000 rw-p 00000000 00:00 0 
7fc274596000-7fc274599000 ---p 00000000 00:00 0 
7fc274599000-7fc27469c000 rw-p 00000000 00:00 0 
7fc27469c000-7fc27469d000 r--s 00009000 08:01 27408510                   /home/shailendra/.m2/repository/com/google/appengine/appengine-java-sdk/1.9.64/appengine-java-sdk/appengine-java-sdk-1.9.64/jetty93/jetty-distribution/lib/jetty-jaas-9.3.18.v20170406.jar
7fc27469d000-7fc2746a1000 r--s 00037000 08:01 27930280                   /home/shailendra/.m2/repository/com/google/appengine/appengine-java-sdk/1.9.64/appengine-java-sdk/appengine-java-sdk-1.9.64/jetty93/jetty-distribution/lib/apache-jsp/org.mortbay.jasper.apache-el-8.0.33.jar
7fc2746a1000-7fc2746a2000 r--s 00002000 08:01 27930279                   /home/shailendra/.m2/repository/com/google/appengine/appengine-java-sdk/1.9.64/appengine-java-sdk/appengine-java-sdk-1.9.64/jetty93/jetty-distribution/lib/apache-jsp/org.eclipse.jetty.apache-jsp-9.3.18.v20170406-nolog.jar
7fc2746a2000-7fc2746a4000 r--s 0002c000 08:01 27408519                   /home/shailendra/.m2/repository/com/google/appengine/appengine-java-sdk/1.9.64/appengine-java-sdk/appengine-java-sdk-1.9.64/jetty93/jetty-distribution/lib/jetty-schemas-3.1.jar
7fc2746a4000-7fc2746a7000 r--s 00015000 08:01 27408527                   /home/shailendra/.m2/repository/com/google/appengine/appengine-java-sdk/1.9.64/appengine-java-sdk/appengine-java-sdk-1.9.64/jetty93/jetty-distribution/lib/servlet-api-3.1.jar
7fc2746a7000-7fc2746ac000 r--s 00066000 08:01 3817220                    /home/shailendra/.m2/repository/com/google/appengine/appengine-java-sdk/1.9.64/appengine-java-sdk/appengine-java-sdk-1.9.64/lib/shared/appengine-local-runtime-shared.jar
7fc2746ac000-7fc2746ad000 rw-p 00000000 00:00 0 
7fc2746ad000-7fc2746b5000 rw-s 00000000 08:01 17975668                   /tmp/hsperfdata_shailendra/30860
7fc2746b5000-7fc2746b6000 rw-p 00000000 00:00 0 
7fc2746b6000-7fc2746b7000 r--p 00000000 00:00 0 
7fc2746b7000-7fc2746b8000 r--p 00022000 08:01 3679939                    /lib/x86_64-linux-gnu/ld-2.19.so
7fc2746b8000-7fc2746b9000 rw-p 00023000 08:01 3679939                    /lib/x86_64-linux-gnu/ld-2.19.so
7fc2746b9000-7fc2746ba000 rw-p 00000000 00:00 0 
7ffe8c33f000-7ffe8c360000 rw-p 00000000 00:00 0                          [stack]
7ffe8c3b1000-7ffe8c3b4000 r--p 00000000 00:00 0                          [vvar]
7ffe8c3b4000-7ffe8c3b6000 r-xp 00000000 00:00 0                          [vdso]
ffffffffff600000-ffffffffff601000 r-xp 00000000 00:00 0                  [vsyscall]

VM Arguments:
jvm_args: -D--enable_all_permissions=true -Dappengine.fullscan.seconds=1 -Duse_jetty9_runtime=true -agentlib:jdwp=transport=dt_socket,address=8000,server=y,suspend=n -Ddatastore.backing_store=/home/shailendra/Revimex/code/revimex/revimex/src/main/webapp/WEB-INF/appengine-generated/local_db.bin 
java_command: com.google.appengine.tools.development.DevAppServerMain --allow_remote_shutdown --no_java_agent -a 0.0.0.0 -p 8080 --disable_update_check /home/shailendra/Revimex/code/revimex/revimex/target/revimex-1.0-SNAPSHOT
java_class_path (initial): /home/shailendra/.m2/repository/com/google/appengine/appengine-java-sdk/1.9.64/appengine-java-sdk/appengine-java-sdk-1.9.64/lib/appengine-tools-api.jar
Launcher Type: SUN_STANDARD

Environment Variables:
JAVA_HOME=/usr/lib/jvm/java-8-oracle
PATH=/usr/local/sbin:/usr/local/bin:/usr/sbin:/usr/bin:/sbin:/bin:/usr/games:/usr/local/games:/usr/lib/jvm/java-8-oracle/bin:/usr/lib/jvm/java-8-oracle/db/bin:/usr/lib/jvm/java-8-oracle/jre/bin
SHELL=/bin/bash
DISPLAY=:0

Signal Handlers:
SIGSEGV: [libjvm.so+0xaced60], sa_mask[0]=11111111011111111101111111111110, sa_flags=SA_RESTART|SA_SIGINFO
SIGBUS: [libjvm.so+0xaced60], sa_mask[0]=11111111011111111101111111111110, sa_flags=SA_RESTART|SA_SIGINFO
SIGFPE: [libjvm.so+0x907ca0], sa_mask[0]=11111111011111111101111111111110, sa_flags=SA_RESTART|SA_SIGINFO
SIGPIPE: [libjvm.so+0x907ca0], sa_mask[0]=11111111011111111101111111111110, sa_flags=SA_RESTART|SA_SIGINFO
SIGXFSZ: [libjvm.so+0x907ca0], sa_mask[0]=11111111011111111101111111111110, sa_flags=SA_RESTART|SA_SIGINFO
SIGILL: [libjvm.so+0x907ca0], sa_mask[0]=11111111011111111101111111111110, sa_flags=SA_RESTART|SA_SIGINFO
SIGUSR1: SIG_DFL, sa_mask[0]=00000000000000000000000000000000, sa_flags=none
SIGUSR2: [libjvm.so+0x907b70], sa_mask[0]=00100000000000000000000000000000, sa_flags=SA_RESTART|SA_SIGINFO
SIGHUP: [libjvm.so+0x908190], sa_mask[0]=11111111011111111101111111111110, sa_flags=SA_RESTART|SA_SIGINFO
SIGINT: [libjvm.so+0x908190], sa_mask[0]=11111111011111111101111111111110, sa_flags=SA_RESTART|SA_SIGINFO
SIGTERM: [libjvm.so+0x908190], sa_mask[0]=11111111011111111101111111111110, sa_flags=SA_RESTART|SA_SIGINFO
SIGQUIT: [libjvm.so+0x908190], sa_mask[0]=11111111011111111101111111111110, sa_flags=SA_RESTART|SA_SIGINFO


---------------  S Y S T E M  ---------------

OS:DISTRIB_ID=Ubuntu
DISTRIB_RELEASE=14.04
DISTRIB_CODENAME=trusty
DISTRIB_DESCRIPTION="Ubuntu 14.04.5 LTS"

uname:Linux 4.4.0-138-generic #164~14.04.1-Ubuntu SMP Fri Oct 5 08:56:16 UTC 2018 x86_64
libc:glibc 2.19 NPTL 2.19 
rlimit: STACK 8192k, CORE 0k, NPROC 31448, NOFILE 4096, AS infinity
load average:0.98 0.47 0.46

/proc/meminfo:
MemTotal:        8077964 kB
MemFree:          343936 kB
MemAvailable:     929160 kB
Buffers:           81836 kB
Cached:          1309096 kB
SwapCached:       103624 kB
Active:          5730564 kB
Inactive:        1656648 kB
Active(anon):    5266928 kB
Inactive(anon):  1367196 kB
Active(file):     463636 kB
Inactive(file):   289452 kB
Unevictable:         672 kB
Mlocked:             672 kB
SwapTotal:       8289276 kB
SwapFree:        7208228 kB
Dirty:              1280 kB
Writeback:             0 kB
AnonPages:       5949764 kB
Mapped:           711504 kB
Shmem:            637844 kB
Slab:             154600 kB
SReclaimable:     103092 kB
SUnreclaim:        51508 kB
KernelStack:       16304 kB
PageTables:        88972 kB
NFS_Unstable:          0 kB
Bounce:                0 kB
WritebackTmp:          0 kB
CommitLimit:    12328256 kB
Committed_AS:   16876944 kB
VmallocTotal:   34359738367 kB
VmallocUsed:           0 kB
VmallocChunk:          0 kB
HardwareCorrupted:     0 kB
AnonHugePages:         0 kB
CmaTotal:              0 kB
CmaFree:               0 kB
HugePages_Total:       0
HugePages_Free:        0
HugePages_Rsvd:        0
HugePages_Surp:        0
Hugepagesize:       2048 kB
DirectMap4k:      291992 kB
DirectMap2M:     7999488 kB
DirectMap1G:     1048576 kB


CPU:total 4 (initial active 4) (2 cores per cpu, 2 threads per core) family 6 model 61 stepping 4, cmov, cx8, fxsr, mmx, sse, sse2, sse3, ssse3, sse4.1, sse4.2, popcnt, avx, avx2, aes, clmul, erms, 3dnowpref, lzcnt, ht, tsc, tscinvbit, bmi1, bmi2, adx

/proc/cpuinfo:
processor	: 0
vendor_id	: GenuineIntel
cpu family	: 6
model		: 61
model name	: Intel(R) Core(TM) i5-5200U CPU @ 2.20GHz
stepping	: 4
microcode	: 0x2b
cpu MHz		: 2499.921
cache size	: 3072 KB
physical id	: 0
siblings	: 4
core id		: 0
cpu cores	: 2
apicid		: 0
initial apicid	: 0
fpu		: yes
fpu_exception	: yes
cpuid level	: 20
wp		: yes
flags		: fpu vme de pse tsc msr pae mce cx8 apic sep mtrr pge mca cmov pat pse36 clflush dts acpi mmx fxsr sse sse2 ss ht tm pbe syscall nx pdpe1gb rdtscp lm constant_tsc arch_perfmon pebs bts rep_good nopl xtopology nonstop_tsc aperfmperf pni pclmulqdq dtes64 monitor ds_cpl vmx est tm2 ssse3 sdbg fma cx16 xtpr pdcm pcid sse4_1 sse4_2 x2apic movbe popcnt tsc_deadline_timer aes xsave avx f16c rdrand lahf_lm abm 3dnowprefetch epb invpcid_single intel_pt ssbd ibrs ibpb stibp kaiser tpr_shadow vnmi flexpriority ept vpid fsgsbase tsc_adjust bmi1 avx2 smep bmi2 erms invpcid rdseed adx smap xsaveopt dtherm ida arat pln pts flush_l1d
bugs		: cpu_meltdown spectre_v1 spectre_v2 spec_store_bypass l1tf
bogomips	: 4389.90
clflush size	: 64
cache_alignment	: 64
address sizes	: 39 bits physical, 48 bits virtual
power management:

processor	: 1
vendor_id	: GenuineIntel
cpu family	: 6
model		: 61
model name	: Intel(R) Core(TM) i5-5200U CPU @ 2.20GHz
stepping	: 4
microcode	: 0x2b
cpu MHz		: 2499.921
cache size	: 3072 KB
physical id	: 0
siblings	: 4
core id		: 1
cpu cores	: 2
apicid		: 2
initial apicid	: 2
fpu		: yes
fpu_exception	: yes
cpuid level	: 20
wp		: yes
flags		: fpu vme de pse tsc msr pae mce cx8 apic sep mtrr pge mca cmov pat pse36 clflush dts acpi mmx fxsr sse sse2 ss ht tm pbe syscall nx pdpe1gb rdtscp lm constant_tsc arch_perfmon pebs bts rep_good nopl xtopology nonstop_tsc aperfmperf pni pclmulqdq dtes64 monitor ds_cpl vmx est tm2 ssse3 sdbg fma cx16 xtpr pdcm pcid sse4_1 sse4_2 x2apic movbe popcnt tsc_deadline_timer aes xsave avx f16c rdrand lahf_lm abm 3dnowprefetch epb invpcid_single intel_pt ssbd ibrs ibpb stibp kaiser tpr_shadow vnmi flexpriority ept vpid fsgsbase tsc_adjust bmi1 avx2 smep bmi2 erms invpcid rdseed adx smap xsaveopt dtherm ida arat pln pts flush_l1d
bugs		: cpu_meltdown spectre_v1 spectre_v2 spec_store_bypass l1tf
bogomips	: 4389.90
clflush size	: 64
cache_alignment	: 64
address sizes	: 39 bits physical, 48 bits virtual
power management:

processor	: 2
vendor_id	: GenuineIntel
cpu family	: 6
model		: 61
model name	: Intel(R) Core(TM) i5-5200U CPU @ 2.20GHz
stepping	: 4
microcode	: 0x2b
cpu MHz		: 2499.921
cache size	: 3072 KB
physical id	: 0
siblings	: 4
core id		: 0
cpu cores	: 2
apicid		: 1
initial apicid	: 1
fpu		: yes
fpu_exception	: yes
cpuid level	: 20
wp		: yes
flags		: fpu vme de pse tsc msr pae mce cx8 apic sep mtrr pge mca cmov pat pse36 clflush dts acpi mmx fxsr sse sse2 ss ht tm pbe syscall nx pdpe1gb rdtscp lm constant_tsc arch_perfmon pebs bts rep_good nopl xtopology nonstop_tsc aperfmperf pni pclmulqdq dtes64 monitor ds_cpl vmx est tm2 ssse3 sdbg fma cx16 xtpr pdcm pcid sse4_1 sse4_2 x2apic movbe popcnt tsc_deadline_timer aes xsave avx f16c rdrand lahf_lm abm 3dnowprefetch epb invpcid_single intel_pt ssbd ibrs ibpb stibp kaiser tpr_shadow vnmi flexpriority ept vpid fsgsbase tsc_adjust bmi1 avx2 smep bmi2 erms invpcid rdseed adx smap xsaveopt dtherm ida arat pln pts flush_l1d
bugs		: cpu_meltdown spectre_v1 spectre_v2 spec_store_bypass l1tf
bogomips	: 4389.90
clflush size	: 64
cache_alignment	: 64
address sizes	: 39 bits physical, 48 bits virtual
power management:

processor	: 3
vendor_id	: GenuineIntel
cpu family	: 6
model		: 61
model name	: Intel(R) Core(TM) i5-5200U CPU @ 2.20GHz
stepping	: 4
microcode	: 0x2b
cpu MHz		: 2499.921
cache size	: 3072 KB
physical id	: 0
siblings	: 4
core id		: 1
cpu cores	: 2
apicid		: 3
initial apicid	: 3
fpu		: yes
fpu_exception	: yes
cpuid level	: 20
wp		: yes
flags		: fpu vme de pse tsc msr pae mce cx8 apic sep mtrr pge mca cmov pat pse36 clflush dts acpi mmx fxsr sse sse2 ss ht tm pbe syscall nx pdpe1gb rdtscp lm constant_tsc arch_perfmon pebs bts rep_good nopl xtopology nonstop_tsc aperfmperf pni pclmulqdq dtes64 monitor ds_cpl vmx est tm2 ssse3 sdbg fma cx16 xtpr pdcm pcid sse4_1 sse4_2 x2apic movbe popcnt tsc_deadline_timer aes xsave avx f16c rdrand lahf_lm abm 3dnowprefetch epb invpcid_single intel_pt ssbd ibrs ibpb stibp kaiser tpr_shadow vnmi flexpriority ept vpid fsgsbase tsc_adjust bmi1 avx2 smep bmi2 erms invpcid rdseed adx smap xsaveopt dtherm ida arat pln pts flush_l1d
bugs		: cpu_meltdown spectre_v1 spectre_v2 spec_store_bypass l1tf
bogomips	: 4389.90
clflush size	: 64
cache_alignment	: 64
address sizes	: 39 bits physical, 48 bits virtual
power management:



Memory: 4k page, physical 8077964k(343936k free), swap 8289276k(7208228k free)

vm_info: Java HotSpot(TM) 64-Bit Server VM (25.191-b12) for linux-amd64 JRE (1.8.0_191-b12), built on Oct  6 2018 05:43:09 by "java_re" with gcc 7.3.0

time: Tue Nov 13 15:56:55 2018
elapsed time: 42 seconds (0d 0h 0m 42s)

